2022-04-08 17:28:51.354  INFO 23264 --- [restartedMain] com.tweetapp.TweetApp                    : Starting TweetApp using Java 11.0.11 on LTIN310401 with PID 23264 (C:\1. My - Files\FSE1 Training\Component 2\TweetApp\target\classes started by 896960 in C:\1. My - Files\FSE1 Training\Component 2\TweetApp)
2022-04-08 17:28:51.358  INFO 23264 --- [restartedMain] com.tweetapp.TweetApp                    : No active profile set, falling back to default profiles: default
2022-04-08 17:28:51.426  INFO 23264 --- [restartedMain] .e.DevToolsPropertyDefaultsPostProcessor : Devtools property defaults active! Set 'spring.devtools.add-properties' to 'false' to disable
2022-04-08 17:28:51.427  INFO 23264 --- [restartedMain] .e.DevToolsPropertyDefaultsPostProcessor : For additional web related logging consider setting the 'logging.level.web' property to 'DEBUG'
2022-04-08 17:28:53.314  INFO 23264 --- [restartedMain] .s.d.r.c.RepositoryConfigurationDelegate : Bootstrapping Spring Data MongoDB repositories in DEFAULT mode.
2022-04-08 17:28:53.405  INFO 23264 --- [restartedMain] .s.d.r.c.RepositoryConfigurationDelegate : Finished Spring Data repository scanning in 82 ms. Found 2 MongoDB repository interfaces.
2022-04-08 17:28:54.153  INFO 23264 --- [restartedMain] o.s.b.w.embedded.tomcat.TomcatWebServer  : Tomcat initialized with port(s): 8082 (http)
2022-04-08 17:28:54.171  INFO 23264 --- [restartedMain] o.apache.catalina.core.StandardService   : Starting service [Tomcat]
2022-04-08 17:28:54.171  INFO 23264 --- [restartedMain] org.apache.catalina.core.StandardEngine  : Starting Servlet engine: [Apache Tomcat/9.0.45]
2022-04-08 17:28:54.317  INFO 23264 --- [restartedMain] o.a.c.c.C.[.[localhost].[/api/v1.0]      : Initializing Spring embedded WebApplicationContext
2022-04-08 17:28:54.318  INFO 23264 --- [restartedMain] w.s.c.ServletWebServerApplicationContext : Root WebApplicationContext: initialization completed in 2890 ms
2022-04-08 17:28:54.847  INFO 23264 --- [restartedMain] org.mongodb.driver.cluster               : Cluster created with settings {hosts=[localhost:27017], mode=SINGLE, requiredClusterType=UNKNOWN, serverSelectionTimeout='30000 ms'}
2022-04-08 17:28:54.949  INFO 23264 --- [cluster-ClusterId{value='6250237e1253704e4d24d891', description='null'}-localhost:27017] org.mongodb.driver.connection            : Opened connection [connectionId{localValue:2, serverValue:47}] to localhost:27017
2022-04-08 17:28:54.951  INFO 23264 --- [cluster-rtt-ClusterId{value='6250237e1253704e4d24d891', description='null'}-localhost:27017] org.mongodb.driver.connection            : Opened connection [connectionId{localValue:1, serverValue:48}] to localhost:27017
2022-04-08 17:28:54.952  INFO 23264 --- [cluster-ClusterId{value='6250237e1253704e4d24d891', description='null'}-localhost:27017] org.mongodb.driver.cluster               : Monitor thread successfully connected to server with description ServerDescription{address=localhost:27017, type=STANDALONE, state=CONNECTED, ok=true, minWireVersion=0, maxWireVersion=9, maxDocumentSize=16777216, logicalSessionTimeoutMinutes=30, roundTripTimeNanos=29305600}
2022-04-08 17:28:55.124  INFO 23264 --- [restartedMain] o.s.b.d.a.OptionalLiveReloadServer       : LiveReload server is running on port 35729
2022-04-08 17:28:55.962  INFO 23264 --- [restartedMain] o.s.b.a.e.web.EndpointLinksResolver      : Exposing 15 endpoint(s) beneath base path '/actuator'
2022-04-08 17:28:56.265  INFO 23264 --- [restartedMain] o.s.s.web.DefaultSecurityFilterChain     : Will secure any request with [org.springframework.security.web.context.request.async.WebAsyncManagerIntegrationFilter@6cbbe872, org.springframework.security.web.context.SecurityContextPersistenceFilter@4c8d11be, org.springframework.security.web.header.HeaderWriterFilter@10080b33, org.springframework.security.web.authentication.logout.LogoutFilter@9756143, org.springframework.security.web.savedrequest.RequestCacheAwareFilter@4b5cfc3e, org.springframework.security.web.servletapi.SecurityContextHolderAwareRequestFilter@4860ab03, org.springframework.security.web.authentication.AnonymousAuthenticationFilter@3608103f, org.springframework.security.web.session.SessionManagementFilter@6ecfb117, org.springframework.security.web.access.ExceptionTranslationFilter@4c815cac, org.springframework.security.web.access.intercept.FilterSecurityInterceptor@4d599264]
2022-04-08 17:28:56.310  INFO 23264 --- [restartedMain] pertySourcedRequestMappingHandlerMapping : Mapped URL path [/v2/api-docs] onto method [springfox.documentation.swagger2.web.Swagger2Controller#getDocumentation(String, HttpServletRequest)]
2022-04-08 17:28:56.432  INFO 23264 --- [restartedMain] o.s.s.concurrent.ThreadPoolTaskExecutor  : Initializing ExecutorService 'applicationTaskExecutor'
2022-04-08 17:28:56.809  INFO 23264 --- [restartedMain] o.s.b.w.embedded.tomcat.TomcatWebServer  : Tomcat started on port(s): 8082 (http) with context path '/api/v1.0'
2022-04-08 17:28:56.810  INFO 23264 --- [restartedMain] d.s.w.p.DocumentationPluginsBootstrapper : Context refreshed
2022-04-08 17:28:56.840  INFO 23264 --- [restartedMain] d.s.w.p.DocumentationPluginsBootstrapper : Found 1 custom documentation plugin(s)
2022-04-08 17:28:56.880  INFO 23264 --- [restartedMain] s.d.s.w.s.ApiListingReferenceScanner     : Scanning for api listing references
2022-04-08 17:28:57.096  INFO 23264 --- [restartedMain] com.tweetapp.TweetApp                    : Started TweetApp in 6.35 seconds (JVM running for 7.632)
2022-04-08 17:28:59.925  INFO 23264 --- [RMI TCP Connection(1)-127.0.0.1] o.a.c.c.C.[.[localhost].[/api/v1.0]      : Initializing Spring DispatcherServlet 'dispatcherServlet'
2022-04-08 17:28:59.926  INFO 23264 --- [RMI TCP Connection(1)-127.0.0.1] o.s.web.servlet.DispatcherServlet        : Initializing Servlet 'dispatcherServlet'
2022-04-08 17:28:59.927  INFO 23264 --- [RMI TCP Connection(1)-127.0.0.1] o.s.web.servlet.DispatcherServlet        : Completed initialization in 1 ms
2022-04-08 17:29:15.779  INFO 23264 --- [http-nio-8082-exec-1] org.mongodb.driver.connection            : Opened connection [connectionId{localValue:3, serverValue:49}] to localhost:27017
2022-04-08 17:29:16.042  INFO 23264 --- [http-nio-8082-exec-2] com.tweetapp.services.TweetService       : All tweets --> Tweet(tweetId=eaf2b13e-424f-43ed-990a-a1458581f2ca, username=ram@gmail.com, tweetText=Jai Shri ram, firstName=ram, lastName=ji, tweetDate=07-04-2022, likes=[hanuman@gmail.com, Krishna@gmail.com], comments=[Comment(username=hanuman@gmail.com, comment=Jai Ram)])
2022-04-08 17:29:16.044  INFO 23264 --- [http-nio-8082-exec-2] com.tweetapp.services.TweetService       : All tweets --> Tweet(tweetId=0f6eb15f-6156-483b-8576-b2af9d47fc77, username=ram@gmail.com, tweetText=Ram Ram , firstName=ram, lastName=ji, tweetDate=07-04-2022, likes=[hanuman@gmail.com, keshav@gmail.com], comments=[])
2022-04-08 17:29:16.045  INFO 23264 --- [http-nio-8082-exec-2] com.tweetapp.services.TweetService       : All tweets --> Tweet(tweetId=ef1d6561-0d92-4493-b40c-24673679a5f0, username=hanuman@gmail.com, tweetText=Jug Sahastr Yojan par bhaanu, Liliyo taahi madhur fal jaanu.
, firstName=hanuman, lastName=ji, tweetDate=07-04-2022, likes=[ram@gmail.com, keshav@gmail.com], comments=[Comment(username=ram@gmail.com, comment=Prabhu mudrika meli mukh maahi, jaladhi laanghi gaye.. achrach naahi)])
2022-04-08 17:29:16.045  INFO 23264 --- [http-nio-8082-exec-2] com.tweetapp.services.TweetService       : All tweets --> Tweet(tweetId=6f76a596-7757-42b9-ac56-181c81c762d1, username=hanuman@gmail.com, tweetText=Sab sukh lahe tumhari sharna, Tum Rakshak kaahu ko darna., firstName=hanuman, lastName=ji, tweetDate=07-04-2022, likes=[ram@gmail.com, Krishna@gmail.com], comments=[])
2022-04-08 17:29:16.045  INFO 23264 --- [http-nio-8082-exec-2] com.tweetapp.services.TweetService       : All tweets --> Tweet(tweetId=41dfe4a3-24cd-4110-8444-e7f3f90057df, username=Krishna@gmail.com, tweetText=Jai Shri Radhe, firstName=Hare, lastName=Krishna, tweetDate=07-04-2022, likes=[Krishna@gmail.com, hanuman@gmail.com], comments=[Comment(username=Krishna@gmail.com, comment=comment)])
2022-04-08 17:29:16.046  INFO 23264 --- [http-nio-8082-exec-2] com.tweetapp.services.TweetService       : All tweets --> Tweet(tweetId=67763af1-eef4-4b71-aeaf-1a41a66f7ba9, username=keshav@gmail.com, tweetText=Bansi sab sur baaje hai, ek hi dhun me baaje hai..
haal na pucho mohan ka, sab kuch radhe radhe hai, firstName=keshav, lastName=yadav, tweetDate=07-04-2022, likes=[keshav@gmail.com], comments=[])
2022-04-08 17:29:23.831  INFO 23264 --- [http-nio-8082-exec-6] com.tweetapp.services.TweetService       : ram@gmail.com tweets --> Tweet(tweetId=eaf2b13e-424f-43ed-990a-a1458581f2ca, username=ram@gmail.com, tweetText=Jai Shri ram, firstName=ram, lastName=ji, tweetDate=07-04-2022, likes=[hanuman@gmail.com, Krishna@gmail.com], comments=[Comment(username=hanuman@gmail.com, comment=Jai Ram)])
2022-04-08 17:29:23.832  INFO 23264 --- [http-nio-8082-exec-6] com.tweetapp.services.TweetService       : ram@gmail.com tweets --> Tweet(tweetId=0f6eb15f-6156-483b-8576-b2af9d47fc77, username=ram@gmail.com, tweetText=Ram Ram , firstName=ram, lastName=ji, tweetDate=07-04-2022, likes=[hanuman@gmail.com, keshav@gmail.com], comments=[])
2022-04-08 17:29:53.865  INFO 23264 --- [http-nio-8082-exec-7] com.tweetapp.controller.TweetController  : posting tweet message sent to: tweets
2022-04-08 17:29:53.917  INFO 23264 --- [http-nio-8082-exec-7] o.a.k.clients.producer.ProducerConfig    : ProducerConfig values: 
	acks = 1
	batch.size = 16384
	bootstrap.servers = [localhost:29092]
	buffer.memory = 33554432
	client.dns.lookup = use_all_dns_ips
	client.id = producer-1
	compression.type = none
	connections.max.idle.ms = 540000
	delivery.timeout.ms = 120000
	enable.idempotence = false
	interceptor.classes = []
	internal.auto.downgrade.txn.commit = true
	key.serializer = class org.apache.kafka.common.serialization.StringSerializer
	linger.ms = 0
	max.block.ms = 60000
	max.in.flight.requests.per.connection = 5
	max.request.size = 1048576
	metadata.max.age.ms = 300000
	metadata.max.idle.ms = 300000
	metric.reporters = []
	metrics.num.samples = 2
	metrics.recording.level = INFO
	metrics.sample.window.ms = 30000
	partitioner.class = class org.apache.kafka.clients.producer.internals.DefaultPartitioner
	receive.buffer.bytes = 32768
	reconnect.backoff.max.ms = 1000
	reconnect.backoff.ms = 50
	request.timeout.ms = 30000
	retries = 2147483647
	retry.backoff.ms = 100
	sasl.client.callback.handler.class = null
	sasl.jaas.config = null
	sasl.kerberos.kinit.cmd = /usr/bin/kinit
	sasl.kerberos.min.time.before.relogin = 60000
	sasl.kerberos.service.name = null
	sasl.kerberos.ticket.renew.jitter = 0.05
	sasl.kerberos.ticket.renew.window.factor = 0.8
	sasl.login.callback.handler.class = null
	sasl.login.class = null
	sasl.login.refresh.buffer.seconds = 300
	sasl.login.refresh.min.period.seconds = 60
	sasl.login.refresh.window.factor = 0.8
	sasl.login.refresh.window.jitter = 0.05
	sasl.mechanism = GSSAPI
	security.protocol = PLAINTEXT
	security.providers = null
	send.buffer.bytes = 131072
	ssl.cipher.suites = null
	ssl.enabled.protocols = [TLSv1.2, TLSv1.3]
	ssl.endpoint.identification.algorithm = https
	ssl.engine.factory.class = null
	ssl.key.password = null
	ssl.keymanager.algorithm = SunX509
	ssl.keystore.location = null
	ssl.keystore.password = null
	ssl.keystore.type = JKS
	ssl.protocol = TLSv1.3
	ssl.provider = null
	ssl.secure.random.implementation = null
	ssl.trustmanager.algorithm = PKIX
	ssl.truststore.location = null
	ssl.truststore.password = null
	ssl.truststore.type = JKS
	transaction.timeout.ms = 60000
	transactional.id = null
	value.serializer = class org.springframework.kafka.support.serializer.JsonSerializer

2022-04-08 17:29:54.037  INFO 23264 --- [http-nio-8082-exec-7] o.a.kafka.common.utils.AppInfoParser     : Kafka version: 2.6.0
2022-04-08 17:29:54.038  INFO 23264 --- [http-nio-8082-exec-7] o.a.kafka.common.utils.AppInfoParser     : Kafka commitId: 62abe01bee039651
2022-04-08 17:29:54.038  INFO 23264 --- [http-nio-8082-exec-7] o.a.kafka.common.utils.AppInfoParser     : Kafka startTimeMs: 1649419194034
2022-04-08 17:29:54.560  INFO 23264 --- [kafka-producer-network-thread | producer-1] org.apache.kafka.clients.Metadata        : [Producer clientId=producer-1] Cluster ID: j-PBiYXJRJW8sYkiNbuddw
2022-04-08 17:29:54.589  INFO 23264 --- [http-nio-8082-exec-7] com.tweetapp.services.TweetService       : The new tweet --> Tweet(tweetId=f786a7a0-6de0-4b99-8486-fa7ec15e67a6, username=ram@gmail.com, tweetText=new tweet to test kafka consumer, firstName=ram, lastName=ji, tweetDate=08-04-2022, likes=[], comments=[])
2022-04-08 17:29:55.985  INFO 23264 --- [http-nio-8082-exec-8] com.tweetapp.services.TweetService       : ram@gmail.com tweets --> Tweet(tweetId=eaf2b13e-424f-43ed-990a-a1458581f2ca, username=ram@gmail.com, tweetText=Jai Shri ram, firstName=ram, lastName=ji, tweetDate=07-04-2022, likes=[hanuman@gmail.com, Krishna@gmail.com], comments=[Comment(username=hanuman@gmail.com, comment=Jai Ram)])
2022-04-08 17:29:55.986  INFO 23264 --- [http-nio-8082-exec-8] com.tweetapp.services.TweetService       : ram@gmail.com tweets --> Tweet(tweetId=0f6eb15f-6156-483b-8576-b2af9d47fc77, username=ram@gmail.com, tweetText=Ram Ram , firstName=ram, lastName=ji, tweetDate=07-04-2022, likes=[hanuman@gmail.com, keshav@gmail.com], comments=[])
2022-04-08 17:29:55.987  INFO 23264 --- [http-nio-8082-exec-8] com.tweetapp.services.TweetService       : ram@gmail.com tweets --> Tweet(tweetId=f786a7a0-6de0-4b99-8486-fa7ec15e67a6, username=ram@gmail.com, tweetText=new tweet to test kafka consumer, firstName=ram, lastName=ji, tweetDate=08-04-2022, likes=[], comments=[])
2022-04-08 17:39:03.877  INFO 23264 --- [http-nio-8082-exec-3] com.tweetapp.services.TweetService       : Commented on tweet --> Tweet(tweetId=f786a7a0-6de0-4b99-8486-fa7ec15e67a6, username=ram@gmail.com, tweetText=new tweet to test kafka consumer, firstName=ram, lastName=ji, tweetDate=08-04-2022, likes=[], comments=[Comment(username=ram@gmail.com, comment=new comment to test kafka consumer)])
2022-04-08 17:39:03.954  INFO 23264 --- [http-nio-8082-exec-6] com.tweetapp.services.TweetService       : ram@gmail.com tweets --> Tweet(tweetId=eaf2b13e-424f-43ed-990a-a1458581f2ca, username=ram@gmail.com, tweetText=Jai Shri ram, firstName=ram, lastName=ji, tweetDate=07-04-2022, likes=[hanuman@gmail.com, Krishna@gmail.com], comments=[Comment(username=hanuman@gmail.com, comment=Jai Ram)])
2022-04-08 17:39:03.954  INFO 23264 --- [http-nio-8082-exec-6] com.tweetapp.services.TweetService       : ram@gmail.com tweets --> Tweet(tweetId=0f6eb15f-6156-483b-8576-b2af9d47fc77, username=ram@gmail.com, tweetText=Ram Ram , firstName=ram, lastName=ji, tweetDate=07-04-2022, likes=[hanuman@gmail.com, keshav@gmail.com], comments=[])
2022-04-08 17:39:03.954  INFO 23264 --- [http-nio-8082-exec-6] com.tweetapp.services.TweetService       : ram@gmail.com tweets --> Tweet(tweetId=f786a7a0-6de0-4b99-8486-fa7ec15e67a6, username=ram@gmail.com, tweetText=new tweet to test kafka consumer, firstName=ram, lastName=ji, tweetDate=08-04-2022, likes=[], comments=[Comment(username=ram@gmail.com, comment=new comment to test kafka consumer)])
2022-04-08 17:41:48.832  INFO 23264 --- [http-nio-8082-exec-7] com.tweetapp.services.TweetService       : All tweets --> Tweet(tweetId=eaf2b13e-424f-43ed-990a-a1458581f2ca, username=ram@gmail.com, tweetText=Jai Shri ram, firstName=ram, lastName=ji, tweetDate=07-04-2022, likes=[hanuman@gmail.com, Krishna@gmail.com], comments=[Comment(username=hanuman@gmail.com, comment=Jai Ram)])
2022-04-08 17:41:48.833  INFO 23264 --- [http-nio-8082-exec-7] com.tweetapp.services.TweetService       : All tweets --> Tweet(tweetId=0f6eb15f-6156-483b-8576-b2af9d47fc77, username=ram@gmail.com, tweetText=Ram Ram , firstName=ram, lastName=ji, tweetDate=07-04-2022, likes=[hanuman@gmail.com, keshav@gmail.com], comments=[])
2022-04-08 17:41:48.833  INFO 23264 --- [http-nio-8082-exec-7] com.tweetapp.services.TweetService       : All tweets --> Tweet(tweetId=ef1d6561-0d92-4493-b40c-24673679a5f0, username=hanuman@gmail.com, tweetText=Jug Sahastr Yojan par bhaanu, Liliyo taahi madhur fal jaanu.
, firstName=hanuman, lastName=ji, tweetDate=07-04-2022, likes=[ram@gmail.com, keshav@gmail.com], comments=[Comment(username=ram@gmail.com, comment=Prabhu mudrika meli mukh maahi, jaladhi laanghi gaye.. achrach naahi)])
2022-04-08 17:41:48.834  INFO 23264 --- [http-nio-8082-exec-7] com.tweetapp.services.TweetService       : All tweets --> Tweet(tweetId=6f76a596-7757-42b9-ac56-181c81c762d1, username=hanuman@gmail.com, tweetText=Sab sukh lahe tumhari sharna, Tum Rakshak kaahu ko darna., firstName=hanuman, lastName=ji, tweetDate=07-04-2022, likes=[ram@gmail.com, Krishna@gmail.com], comments=[])
2022-04-08 17:41:48.834  INFO 23264 --- [http-nio-8082-exec-7] com.tweetapp.services.TweetService       : All tweets --> Tweet(tweetId=41dfe4a3-24cd-4110-8444-e7f3f90057df, username=Krishna@gmail.com, tweetText=Jai Shri Radhe, firstName=Hare, lastName=Krishna, tweetDate=07-04-2022, likes=[Krishna@gmail.com, hanuman@gmail.com], comments=[Comment(username=Krishna@gmail.com, comment=comment)])
2022-04-08 17:41:48.835  INFO 23264 --- [http-nio-8082-exec-7] com.tweetapp.services.TweetService       : All tweets --> Tweet(tweetId=67763af1-eef4-4b71-aeaf-1a41a66f7ba9, username=keshav@gmail.com, tweetText=Bansi sab sur baaje hai, ek hi dhun me baaje hai..
haal na pucho mohan ka, sab kuch radhe radhe hai, firstName=keshav, lastName=yadav, tweetDate=07-04-2022, likes=[keshav@gmail.com], comments=[])
2022-04-08 17:41:48.835  INFO 23264 --- [http-nio-8082-exec-7] com.tweetapp.services.TweetService       : All tweets --> Tweet(tweetId=f786a7a0-6de0-4b99-8486-fa7ec15e67a6, username=ram@gmail.com, tweetText=new tweet to test kafka consumer, firstName=ram, lastName=ji, tweetDate=08-04-2022, likes=[], comments=[Comment(username=ram@gmail.com, comment=new comment to test kafka consumer)])
2022-04-08 17:51:16.832  INFO 23264 --- [http-nio-8082-exec-9] org.mongodb.driver.connection            : Opened connection [connectionId{localValue:4, serverValue:50}] to localhost:27017
2022-04-08 17:51:16.838  INFO 23264 --- [http-nio-8082-exec-9] com.tweetapp.services.TweetService       : ram@gmail.com tweets --> Tweet(tweetId=eaf2b13e-424f-43ed-990a-a1458581f2ca, username=ram@gmail.com, tweetText=Jai Shri ram, firstName=ram, lastName=ji, tweetDate=07-04-2022, likes=[hanuman@gmail.com, Krishna@gmail.com], comments=[Comment(username=hanuman@gmail.com, comment=Jai Ram)])
2022-04-08 17:51:16.838  INFO 23264 --- [http-nio-8082-exec-9] com.tweetapp.services.TweetService       : ram@gmail.com tweets --> Tweet(tweetId=0f6eb15f-6156-483b-8576-b2af9d47fc77, username=ram@gmail.com, tweetText=Ram Ram , firstName=ram, lastName=ji, tweetDate=07-04-2022, likes=[hanuman@gmail.com, keshav@gmail.com], comments=[])
2022-04-08 17:51:16.838  INFO 23264 --- [http-nio-8082-exec-9] com.tweetapp.services.TweetService       : ram@gmail.com tweets --> Tweet(tweetId=f786a7a0-6de0-4b99-8486-fa7ec15e67a6, username=ram@gmail.com, tweetText=new tweet to test kafka consumer, firstName=ram, lastName=ji, tweetDate=08-04-2022, likes=[], comments=[Comment(username=ram@gmail.com, comment=new comment to test kafka consumer)])
2022-04-08 17:51:29.934  INFO 23264 --- [http-nio-8082-exec-10] com.tweetapp.services.TweetService       : Krishna@gmail.com tweets --> Tweet(tweetId=41dfe4a3-24cd-4110-8444-e7f3f90057df, username=Krishna@gmail.com, tweetText=Jai Shri Radhe, firstName=Hare, lastName=Krishna, tweetDate=07-04-2022, likes=[Krishna@gmail.com, hanuman@gmail.com], comments=[Comment(username=Krishna@gmail.com, comment=comment)])
2022-04-08 17:51:38.600  INFO 23264 --- [http-nio-8082-exec-4] com.tweetapp.services.TweetService       : keshav@gmail.com tweets --> Tweet(tweetId=67763af1-eef4-4b71-aeaf-1a41a66f7ba9, username=keshav@gmail.com, tweetText=Bansi sab sur baaje hai, ek hi dhun me baaje hai..
haal na pucho mohan ka, sab kuch radhe radhe hai, firstName=keshav, lastName=yadav, tweetDate=07-04-2022, likes=[keshav@gmail.com], comments=[])
2022-04-08 17:54:51.564  INFO 23264 --- [http-nio-8082-exec-1] com.tweetapp.services.TweetService       : All tweets --> Tweet(tweetId=eaf2b13e-424f-43ed-990a-a1458581f2ca, username=ram@gmail.com, tweetText=Jai Shri ram, firstName=ram, lastName=ji, tweetDate=07-04-2022, likes=[hanuman@gmail.com, Krishna@gmail.com], comments=[Comment(username=hanuman@gmail.com, comment=Jai Ram)])
2022-04-08 17:54:51.565  INFO 23264 --- [http-nio-8082-exec-1] com.tweetapp.services.TweetService       : All tweets --> Tweet(tweetId=0f6eb15f-6156-483b-8576-b2af9d47fc77, username=ram@gmail.com, tweetText=Ram Ram , firstName=ram, lastName=ji, tweetDate=07-04-2022, likes=[hanuman@gmail.com, keshav@gmail.com], comments=[])
2022-04-08 17:54:51.565  INFO 23264 --- [http-nio-8082-exec-1] com.tweetapp.services.TweetService       : All tweets --> Tweet(tweetId=ef1d6561-0d92-4493-b40c-24673679a5f0, username=hanuman@gmail.com, tweetText=Jug Sahastr Yojan par bhaanu, Liliyo taahi madhur fal jaanu.
, firstName=hanuman, lastName=ji, tweetDate=07-04-2022, likes=[ram@gmail.com, keshav@gmail.com], comments=[Comment(username=ram@gmail.com, comment=Prabhu mudrika meli mukh maahi, jaladhi laanghi gaye.. achrach naahi)])
2022-04-08 17:54:51.565  INFO 23264 --- [http-nio-8082-exec-1] com.tweetapp.services.TweetService       : All tweets --> Tweet(tweetId=6f76a596-7757-42b9-ac56-181c81c762d1, username=hanuman@gmail.com, tweetText=Sab sukh lahe tumhari sharna, Tum Rakshak kaahu ko darna., firstName=hanuman, lastName=ji, tweetDate=07-04-2022, likes=[ram@gmail.com, Krishna@gmail.com], comments=[])
2022-04-08 17:54:51.565  INFO 23264 --- [http-nio-8082-exec-1] com.tweetapp.services.TweetService       : All tweets --> Tweet(tweetId=41dfe4a3-24cd-4110-8444-e7f3f90057df, username=Krishna@gmail.com, tweetText=Jai Shri Radhe, firstName=Hare, lastName=Krishna, tweetDate=07-04-2022, likes=[Krishna@gmail.com, hanuman@gmail.com], comments=[Comment(username=Krishna@gmail.com, comment=comment)])
2022-04-08 17:54:51.566  INFO 23264 --- [http-nio-8082-exec-1] com.tweetapp.services.TweetService       : All tweets --> Tweet(tweetId=67763af1-eef4-4b71-aeaf-1a41a66f7ba9, username=keshav@gmail.com, tweetText=Bansi sab sur baaje hai, ek hi dhun me baaje hai..
haal na pucho mohan ka, sab kuch radhe radhe hai, firstName=keshav, lastName=yadav, tweetDate=07-04-2022, likes=[keshav@gmail.com], comments=[])
2022-04-08 17:54:51.566  INFO 23264 --- [http-nio-8082-exec-1] com.tweetapp.services.TweetService       : All tweets --> Tweet(tweetId=f786a7a0-6de0-4b99-8486-fa7ec15e67a6, username=ram@gmail.com, tweetText=new tweet to test kafka consumer, firstName=ram, lastName=ji, tweetDate=08-04-2022, likes=[], comments=[Comment(username=ram@gmail.com, comment=new comment to test kafka consumer)])
2022-04-08 17:55:04.303  INFO 23264 --- [http-nio-8082-exec-3] com.tweetapp.services.TweetService       : Commented on tweet --> Tweet(tweetId=6f76a596-7757-42b9-ac56-181c81c762d1, username=hanuman@gmail.com, tweetText=Sab sukh lahe tumhari sharna, Tum Rakshak kaahu ko darna., firstName=hanuman, lastName=ji, tweetDate=07-04-2022, likes=[ram@gmail.com, Krishna@gmail.com], comments=[Comment(username=hanuman@gmail.com, comment=ccoment from haniuman
)])
2022-04-08 17:55:04.395  INFO 23264 --- [http-nio-8082-exec-6] com.tweetapp.services.TweetService       : All tweets --> Tweet(tweetId=eaf2b13e-424f-43ed-990a-a1458581f2ca, username=ram@gmail.com, tweetText=Jai Shri ram, firstName=ram, lastName=ji, tweetDate=07-04-2022, likes=[hanuman@gmail.com, Krishna@gmail.com], comments=[Comment(username=hanuman@gmail.com, comment=Jai Ram)])
2022-04-08 17:55:04.396  INFO 23264 --- [http-nio-8082-exec-6] com.tweetapp.services.TweetService       : All tweets --> Tweet(tweetId=0f6eb15f-6156-483b-8576-b2af9d47fc77, username=ram@gmail.com, tweetText=Ram Ram , firstName=ram, lastName=ji, tweetDate=07-04-2022, likes=[hanuman@gmail.com, keshav@gmail.com], comments=[])
2022-04-08 17:55:04.396  INFO 23264 --- [http-nio-8082-exec-6] com.tweetapp.services.TweetService       : All tweets --> Tweet(tweetId=ef1d6561-0d92-4493-b40c-24673679a5f0, username=hanuman@gmail.com, tweetText=Jug Sahastr Yojan par bhaanu, Liliyo taahi madhur fal jaanu.
, firstName=hanuman, lastName=ji, tweetDate=07-04-2022, likes=[ram@gmail.com, keshav@gmail.com], comments=[Comment(username=ram@gmail.com, comment=Prabhu mudrika meli mukh maahi, jaladhi laanghi gaye.. achrach naahi)])
2022-04-08 17:55:04.396  INFO 23264 --- [http-nio-8082-exec-6] com.tweetapp.services.TweetService       : All tweets --> Tweet(tweetId=6f76a596-7757-42b9-ac56-181c81c762d1, username=hanuman@gmail.com, tweetText=Sab sukh lahe tumhari sharna, Tum Rakshak kaahu ko darna., firstName=hanuman, lastName=ji, tweetDate=07-04-2022, likes=[ram@gmail.com, Krishna@gmail.com], comments=[Comment(username=hanuman@gmail.com, comment=ccoment from haniuman
)])
2022-04-08 17:55:04.397  INFO 23264 --- [http-nio-8082-exec-6] com.tweetapp.services.TweetService       : All tweets --> Tweet(tweetId=41dfe4a3-24cd-4110-8444-e7f3f90057df, username=Krishna@gmail.com, tweetText=Jai Shri Radhe, firstName=Hare, lastName=Krishna, tweetDate=07-04-2022, likes=[Krishna@gmail.com, hanuman@gmail.com], comments=[Comment(username=Krishna@gmail.com, comment=comment)])
2022-04-08 17:55:04.397  INFO 23264 --- [http-nio-8082-exec-6] com.tweetapp.services.TweetService       : All tweets --> Tweet(tweetId=67763af1-eef4-4b71-aeaf-1a41a66f7ba9, username=keshav@gmail.com, tweetText=Bansi sab sur baaje hai, ek hi dhun me baaje hai..
haal na pucho mohan ka, sab kuch radhe radhe hai, firstName=keshav, lastName=yadav, tweetDate=07-04-2022, likes=[keshav@gmail.com], comments=[])
2022-04-08 17:55:04.397  INFO 23264 --- [http-nio-8082-exec-6] com.tweetapp.services.TweetService       : All tweets --> Tweet(tweetId=f786a7a0-6de0-4b99-8486-fa7ec15e67a6, username=ram@gmail.com, tweetText=new tweet to test kafka consumer, firstName=ram, lastName=ji, tweetDate=08-04-2022, likes=[], comments=[Comment(username=ram@gmail.com, comment=new comment to test kafka consumer)])
2022-04-08 17:55:07.027  INFO 23264 --- [http-nio-8082-exec-8] com.tweetapp.services.TweetService       : hanuman@gmail.com tweets --> Tweet(tweetId=ef1d6561-0d92-4493-b40c-24673679a5f0, username=hanuman@gmail.com, tweetText=Jug Sahastr Yojan par bhaanu, Liliyo taahi madhur fal jaanu.
, firstName=hanuman, lastName=ji, tweetDate=07-04-2022, likes=[ram@gmail.com, keshav@gmail.com], comments=[Comment(username=ram@gmail.com, comment=Prabhu mudrika meli mukh maahi, jaladhi laanghi gaye.. achrach naahi)])
2022-04-08 17:55:07.028  INFO 23264 --- [http-nio-8082-exec-8] com.tweetapp.services.TweetService       : hanuman@gmail.com tweets --> Tweet(tweetId=6f76a596-7757-42b9-ac56-181c81c762d1, username=hanuman@gmail.com, tweetText=Sab sukh lahe tumhari sharna, Tum Rakshak kaahu ko darna., firstName=hanuman, lastName=ji, tweetDate=07-04-2022, likes=[ram@gmail.com, Krishna@gmail.com], comments=[Comment(username=hanuman@gmail.com, comment=ccoment from haniuman
)])
2022-04-08 17:55:08.442  INFO 23264 --- [http-nio-8082-exec-9] com.tweetapp.services.TweetService       : All tweets --> Tweet(tweetId=eaf2b13e-424f-43ed-990a-a1458581f2ca, username=ram@gmail.com, tweetText=Jai Shri ram, firstName=ram, lastName=ji, tweetDate=07-04-2022, likes=[hanuman@gmail.com, Krishna@gmail.com], comments=[Comment(username=hanuman@gmail.com, comment=Jai Ram)])
2022-04-08 17:55:08.443  INFO 23264 --- [http-nio-8082-exec-9] com.tweetapp.services.TweetService       : All tweets --> Tweet(tweetId=0f6eb15f-6156-483b-8576-b2af9d47fc77, username=ram@gmail.com, tweetText=Ram Ram , firstName=ram, lastName=ji, tweetDate=07-04-2022, likes=[hanuman@gmail.com, keshav@gmail.com], comments=[])
2022-04-08 17:55:08.444  INFO 23264 --- [http-nio-8082-exec-9] com.tweetapp.services.TweetService       : All tweets --> Tweet(tweetId=ef1d6561-0d92-4493-b40c-24673679a5f0, username=hanuman@gmail.com, tweetText=Jug Sahastr Yojan par bhaanu, Liliyo taahi madhur fal jaanu.
, firstName=hanuman, lastName=ji, tweetDate=07-04-2022, likes=[ram@gmail.com, keshav@gmail.com], comments=[Comment(username=ram@gmail.com, comment=Prabhu mudrika meli mukh maahi, jaladhi laanghi gaye.. achrach naahi)])
2022-04-08 17:55:08.445  INFO 23264 --- [http-nio-8082-exec-9] com.tweetapp.services.TweetService       : All tweets --> Tweet(tweetId=6f76a596-7757-42b9-ac56-181c81c762d1, username=hanuman@gmail.com, tweetText=Sab sukh lahe tumhari sharna, Tum Rakshak kaahu ko darna., firstName=hanuman, lastName=ji, tweetDate=07-04-2022, likes=[ram@gmail.com, Krishna@gmail.com], comments=[Comment(username=hanuman@gmail.com, comment=ccoment from haniuman
)])
2022-04-08 17:55:08.445  INFO 23264 --- [http-nio-8082-exec-9] com.tweetapp.services.TweetService       : All tweets --> Tweet(tweetId=41dfe4a3-24cd-4110-8444-e7f3f90057df, username=Krishna@gmail.com, tweetText=Jai Shri Radhe, firstName=Hare, lastName=Krishna, tweetDate=07-04-2022, likes=[Krishna@gmail.com, hanuman@gmail.com], comments=[Comment(username=Krishna@gmail.com, comment=comment)])
2022-04-08 17:55:08.445  INFO 23264 --- [http-nio-8082-exec-9] com.tweetapp.services.TweetService       : All tweets --> Tweet(tweetId=67763af1-eef4-4b71-aeaf-1a41a66f7ba9, username=keshav@gmail.com, tweetText=Bansi sab sur baaje hai, ek hi dhun me baaje hai..
haal na pucho mohan ka, sab kuch radhe radhe hai, firstName=keshav, lastName=yadav, tweetDate=07-04-2022, likes=[keshav@gmail.com], comments=[])
2022-04-08 17:55:08.446  INFO 23264 --- [http-nio-8082-exec-9] com.tweetapp.services.TweetService       : All tweets --> Tweet(tweetId=f786a7a0-6de0-4b99-8486-fa7ec15e67a6, username=ram@gmail.com, tweetText=new tweet to test kafka consumer, firstName=ram, lastName=ji, tweetDate=08-04-2022, likes=[], comments=[Comment(username=ram@gmail.com, comment=new comment to test kafka consumer)])
2022-04-08 17:55:09.998  INFO 23264 --- [http-nio-8082-exec-2] com.tweetapp.services.TweetService       : All tweets --> Tweet(tweetId=eaf2b13e-424f-43ed-990a-a1458581f2ca, username=ram@gmail.com, tweetText=Jai Shri ram, firstName=ram, lastName=ji, tweetDate=07-04-2022, likes=[hanuman@gmail.com, Krishna@gmail.com], comments=[Comment(username=hanuman@gmail.com, comment=Jai Ram)])
2022-04-08 17:55:09.999  INFO 23264 --- [http-nio-8082-exec-2] com.tweetapp.services.TweetService       : All tweets --> Tweet(tweetId=0f6eb15f-6156-483b-8576-b2af9d47fc77, username=ram@gmail.com, tweetText=Ram Ram , firstName=ram, lastName=ji, tweetDate=07-04-2022, likes=[hanuman@gmail.com, keshav@gmail.com], comments=[])
2022-04-08 17:55:10.000  INFO 23264 --- [http-nio-8082-exec-2] com.tweetapp.services.TweetService       : All tweets --> Tweet(tweetId=ef1d6561-0d92-4493-b40c-24673679a5f0, username=hanuman@gmail.com, tweetText=Jug Sahastr Yojan par bhaanu, Liliyo taahi madhur fal jaanu.
, firstName=hanuman, lastName=ji, tweetDate=07-04-2022, likes=[ram@gmail.com, keshav@gmail.com], comments=[Comment(username=ram@gmail.com, comment=Prabhu mudrika meli mukh maahi, jaladhi laanghi gaye.. achrach naahi)])
2022-04-08 17:55:10.000  INFO 23264 --- [http-nio-8082-exec-2] com.tweetapp.services.TweetService       : All tweets --> Tweet(tweetId=6f76a596-7757-42b9-ac56-181c81c762d1, username=hanuman@gmail.com, tweetText=Sab sukh lahe tumhari sharna, Tum Rakshak kaahu ko darna., firstName=hanuman, lastName=ji, tweetDate=07-04-2022, likes=[ram@gmail.com, Krishna@gmail.com], comments=[Comment(username=hanuman@gmail.com, comment=ccoment from haniuman
)])
2022-04-08 17:55:10.001  INFO 23264 --- [http-nio-8082-exec-2] com.tweetapp.services.TweetService       : All tweets --> Tweet(tweetId=41dfe4a3-24cd-4110-8444-e7f3f90057df, username=Krishna@gmail.com, tweetText=Jai Shri Radhe, firstName=Hare, lastName=Krishna, tweetDate=07-04-2022, likes=[Krishna@gmail.com, hanuman@gmail.com], comments=[Comment(username=Krishna@gmail.com, comment=comment)])
2022-04-08 17:55:10.001  INFO 23264 --- [http-nio-8082-exec-2] com.tweetapp.services.TweetService       : All tweets --> Tweet(tweetId=67763af1-eef4-4b71-aeaf-1a41a66f7ba9, username=keshav@gmail.com, tweetText=Bansi sab sur baaje hai, ek hi dhun me baaje hai..
haal na pucho mohan ka, sab kuch radhe radhe hai, firstName=keshav, lastName=yadav, tweetDate=07-04-2022, likes=[keshav@gmail.com], comments=[])
2022-04-08 17:55:10.001  INFO 23264 --- [http-nio-8082-exec-2] com.tweetapp.services.TweetService       : All tweets --> Tweet(tweetId=f786a7a0-6de0-4b99-8486-fa7ec15e67a6, username=ram@gmail.com, tweetText=new tweet to test kafka consumer, firstName=ram, lastName=ji, tweetDate=08-04-2022, likes=[], comments=[Comment(username=ram@gmail.com, comment=new comment to test kafka consumer)])
2022-04-08 17:55:11.946  INFO 23264 --- [http-nio-8082-exec-3] com.tweetapp.services.TweetService       : All tweets --> Tweet(tweetId=eaf2b13e-424f-43ed-990a-a1458581f2ca, username=ram@gmail.com, tweetText=Jai Shri ram, firstName=ram, lastName=ji, tweetDate=07-04-2022, likes=[hanuman@gmail.com, Krishna@gmail.com], comments=[Comment(username=hanuman@gmail.com, comment=Jai Ram)])
2022-04-08 17:55:11.947  INFO 23264 --- [http-nio-8082-exec-3] com.tweetapp.services.TweetService       : All tweets --> Tweet(tweetId=0f6eb15f-6156-483b-8576-b2af9d47fc77, username=ram@gmail.com, tweetText=Ram Ram , firstName=ram, lastName=ji, tweetDate=07-04-2022, likes=[hanuman@gmail.com, keshav@gmail.com], comments=[])
2022-04-08 17:55:11.948  INFO 23264 --- [http-nio-8082-exec-3] com.tweetapp.services.TweetService       : All tweets --> Tweet(tweetId=ef1d6561-0d92-4493-b40c-24673679a5f0, username=hanuman@gmail.com, tweetText=Jug Sahastr Yojan par bhaanu, Liliyo taahi madhur fal jaanu.
, firstName=hanuman, lastName=ji, tweetDate=07-04-2022, likes=[ram@gmail.com, keshav@gmail.com], comments=[Comment(username=ram@gmail.com, comment=Prabhu mudrika meli mukh maahi, jaladhi laanghi gaye.. achrach naahi)])
2022-04-08 17:55:11.948  INFO 23264 --- [http-nio-8082-exec-3] com.tweetapp.services.TweetService       : All tweets --> Tweet(tweetId=6f76a596-7757-42b9-ac56-181c81c762d1, username=hanuman@gmail.com, tweetText=Sab sukh lahe tumhari sharna, Tum Rakshak kaahu ko darna., firstName=hanuman, lastName=ji, tweetDate=07-04-2022, likes=[ram@gmail.com, Krishna@gmail.com], comments=[Comment(username=hanuman@gmail.com, comment=ccoment from haniuman
)])
2022-04-08 17:55:11.948  INFO 23264 --- [http-nio-8082-exec-3] com.tweetapp.services.TweetService       : All tweets --> Tweet(tweetId=41dfe4a3-24cd-4110-8444-e7f3f90057df, username=Krishna@gmail.com, tweetText=Jai Shri Radhe, firstName=Hare, lastName=Krishna, tweetDate=07-04-2022, likes=[Krishna@gmail.com, hanuman@gmail.com], comments=[Comment(username=Krishna@gmail.com, comment=comment)])
2022-04-08 17:55:11.948  INFO 23264 --- [http-nio-8082-exec-3] com.tweetapp.services.TweetService       : All tweets --> Tweet(tweetId=67763af1-eef4-4b71-aeaf-1a41a66f7ba9, username=keshav@gmail.com, tweetText=Bansi sab sur baaje hai, ek hi dhun me baaje hai..
haal na pucho mohan ka, sab kuch radhe radhe hai, firstName=keshav, lastName=yadav, tweetDate=07-04-2022, likes=[keshav@gmail.com], comments=[])
2022-04-08 17:55:11.948  INFO 23264 --- [http-nio-8082-exec-3] com.tweetapp.services.TweetService       : All tweets --> Tweet(tweetId=f786a7a0-6de0-4b99-8486-fa7ec15e67a6, username=ram@gmail.com, tweetText=new tweet to test kafka consumer, firstName=ram, lastName=ji, tweetDate=08-04-2022, likes=[], comments=[Comment(username=ram@gmail.com, comment=new comment to test kafka consumer)])
2022-04-08 17:55:13.792  INFO 23264 --- [http-nio-8082-exec-4] com.tweetapp.services.TweetService       : ram@gmail.com tweets --> Tweet(tweetId=eaf2b13e-424f-43ed-990a-a1458581f2ca, username=ram@gmail.com, tweetText=Jai Shri ram, firstName=ram, lastName=ji, tweetDate=07-04-2022, likes=[hanuman@gmail.com, Krishna@gmail.com], comments=[Comment(username=hanuman@gmail.com, comment=Jai Ram)])
2022-04-08 17:55:13.793  INFO 23264 --- [http-nio-8082-exec-4] com.tweetapp.services.TweetService       : ram@gmail.com tweets --> Tweet(tweetId=0f6eb15f-6156-483b-8576-b2af9d47fc77, username=ram@gmail.com, tweetText=Ram Ram , firstName=ram, lastName=ji, tweetDate=07-04-2022, likes=[hanuman@gmail.com, keshav@gmail.com], comments=[])
2022-04-08 17:55:13.793  INFO 23264 --- [http-nio-8082-exec-4] com.tweetapp.services.TweetService       : ram@gmail.com tweets --> Tweet(tweetId=f786a7a0-6de0-4b99-8486-fa7ec15e67a6, username=ram@gmail.com, tweetText=new tweet to test kafka consumer, firstName=ram, lastName=ji, tweetDate=08-04-2022, likes=[], comments=[Comment(username=ram@gmail.com, comment=new comment to test kafka consumer)])
2022-04-08 17:56:19.216  INFO 23264 --- [http-nio-8082-exec-6] com.tweetapp.services.TweetService       : All tweets --> Tweet(tweetId=eaf2b13e-424f-43ed-990a-a1458581f2ca, username=ram@gmail.com, tweetText=Jai Shri ram, firstName=ram, lastName=ji, tweetDate=07-04-2022, likes=[hanuman@gmail.com, Krishna@gmail.com], comments=[Comment(username=hanuman@gmail.com, comment=Jai Ram)])
2022-04-08 17:56:19.217  INFO 23264 --- [http-nio-8082-exec-6] com.tweetapp.services.TweetService       : All tweets --> Tweet(tweetId=0f6eb15f-6156-483b-8576-b2af9d47fc77, username=ram@gmail.com, tweetText=Ram Ram , firstName=ram, lastName=ji, tweetDate=07-04-2022, likes=[hanuman@gmail.com, keshav@gmail.com], comments=[])
2022-04-08 17:56:19.217  INFO 23264 --- [http-nio-8082-exec-6] com.tweetapp.services.TweetService       : All tweets --> Tweet(tweetId=ef1d6561-0d92-4493-b40c-24673679a5f0, username=hanuman@gmail.com, tweetText=Jug Sahastr Yojan par bhaanu, Liliyo taahi madhur fal jaanu.
, firstName=hanuman, lastName=ji, tweetDate=07-04-2022, likes=[ram@gmail.com, keshav@gmail.com], comments=[Comment(username=ram@gmail.com, comment=Prabhu mudrika meli mukh maahi, jaladhi laanghi gaye.. achrach naahi)])
2022-04-08 17:56:19.218  INFO 23264 --- [http-nio-8082-exec-6] com.tweetapp.services.TweetService       : All tweets --> Tweet(tweetId=6f76a596-7757-42b9-ac56-181c81c762d1, username=hanuman@gmail.com, tweetText=Sab sukh lahe tumhari sharna, Tum Rakshak kaahu ko darna., firstName=hanuman, lastName=ji, tweetDate=07-04-2022, likes=[ram@gmail.com, Krishna@gmail.com], comments=[Comment(username=hanuman@gmail.com, comment=ccoment from haniuman
)])
2022-04-08 17:56:19.218  INFO 23264 --- [http-nio-8082-exec-6] com.tweetapp.services.TweetService       : All tweets --> Tweet(tweetId=41dfe4a3-24cd-4110-8444-e7f3f90057df, username=Krishna@gmail.com, tweetText=Jai Shri Radhe, firstName=Hare, lastName=Krishna, tweetDate=07-04-2022, likes=[Krishna@gmail.com, hanuman@gmail.com], comments=[Comment(username=Krishna@gmail.com, comment=comment)])
2022-04-08 17:56:19.218  INFO 23264 --- [http-nio-8082-exec-6] com.tweetapp.services.TweetService       : All tweets --> Tweet(tweetId=67763af1-eef4-4b71-aeaf-1a41a66f7ba9, username=keshav@gmail.com, tweetText=Bansi sab sur baaje hai, ek hi dhun me baaje hai..
haal na pucho mohan ka, sab kuch radhe radhe hai, firstName=keshav, lastName=yadav, tweetDate=07-04-2022, likes=[keshav@gmail.com], comments=[])
2022-04-08 17:56:19.219  INFO 23264 --- [http-nio-8082-exec-6] com.tweetapp.services.TweetService       : All tweets --> Tweet(tweetId=f786a7a0-6de0-4b99-8486-fa7ec15e67a6, username=ram@gmail.com, tweetText=new tweet to test kafka consumer, firstName=ram, lastName=ji, tweetDate=08-04-2022, likes=[], comments=[Comment(username=ram@gmail.com, comment=new comment to test kafka consumer)])
2022-04-08 17:56:21.279  INFO 23264 --- [http-nio-8082-exec-7] com.tweetapp.services.TweetService       : All tweets --> Tweet(tweetId=eaf2b13e-424f-43ed-990a-a1458581f2ca, username=ram@gmail.com, tweetText=Jai Shri ram, firstName=ram, lastName=ji, tweetDate=07-04-2022, likes=[hanuman@gmail.com, Krishna@gmail.com], comments=[Comment(username=hanuman@gmail.com, comment=Jai Ram)])
2022-04-08 17:56:21.280  INFO 23264 --- [http-nio-8082-exec-7] com.tweetapp.services.TweetService       : All tweets --> Tweet(tweetId=0f6eb15f-6156-483b-8576-b2af9d47fc77, username=ram@gmail.com, tweetText=Ram Ram , firstName=ram, lastName=ji, tweetDate=07-04-2022, likes=[hanuman@gmail.com, keshav@gmail.com], comments=[])
2022-04-08 17:56:21.280  INFO 23264 --- [http-nio-8082-exec-7] com.tweetapp.services.TweetService       : All tweets --> Tweet(tweetId=ef1d6561-0d92-4493-b40c-24673679a5f0, username=hanuman@gmail.com, tweetText=Jug Sahastr Yojan par bhaanu, Liliyo taahi madhur fal jaanu.
, firstName=hanuman, lastName=ji, tweetDate=07-04-2022, likes=[ram@gmail.com, keshav@gmail.com], comments=[Comment(username=ram@gmail.com, comment=Prabhu mudrika meli mukh maahi, jaladhi laanghi gaye.. achrach naahi)])
2022-04-08 17:56:21.280  INFO 23264 --- [http-nio-8082-exec-7] com.tweetapp.services.TweetService       : All tweets --> Tweet(tweetId=6f76a596-7757-42b9-ac56-181c81c762d1, username=hanuman@gmail.com, tweetText=Sab sukh lahe tumhari sharna, Tum Rakshak kaahu ko darna., firstName=hanuman, lastName=ji, tweetDate=07-04-2022, likes=[ram@gmail.com, Krishna@gmail.com, sita@gmail.com], comments=[Comment(username=hanuman@gmail.com, comment=ccoment from haniuman
)])
2022-04-08 17:56:21.281  INFO 23264 --- [http-nio-8082-exec-7] com.tweetapp.services.TweetService       : All tweets --> Tweet(tweetId=41dfe4a3-24cd-4110-8444-e7f3f90057df, username=Krishna@gmail.com, tweetText=Jai Shri Radhe, firstName=Hare, lastName=Krishna, tweetDate=07-04-2022, likes=[Krishna@gmail.com, hanuman@gmail.com], comments=[Comment(username=Krishna@gmail.com, comment=comment)])
2022-04-08 17:56:21.281  INFO 23264 --- [http-nio-8082-exec-7] com.tweetapp.services.TweetService       : All tweets --> Tweet(tweetId=67763af1-eef4-4b71-aeaf-1a41a66f7ba9, username=keshav@gmail.com, tweetText=Bansi sab sur baaje hai, ek hi dhun me baaje hai..
haal na pucho mohan ka, sab kuch radhe radhe hai, firstName=keshav, lastName=yadav, tweetDate=07-04-2022, likes=[keshav@gmail.com], comments=[])
2022-04-08 17:56:21.281  INFO 23264 --- [http-nio-8082-exec-7] com.tweetapp.services.TweetService       : All tweets --> Tweet(tweetId=f786a7a0-6de0-4b99-8486-fa7ec15e67a6, username=ram@gmail.com, tweetText=new tweet to test kafka consumer, firstName=ram, lastName=ji, tweetDate=08-04-2022, likes=[], comments=[Comment(username=ram@gmail.com, comment=new comment to test kafka consumer)])
2022-04-08 17:56:24.589  INFO 23264 --- [http-nio-8082-exec-10] com.tweetapp.services.TweetService       : All tweets --> Tweet(tweetId=eaf2b13e-424f-43ed-990a-a1458581f2ca, username=ram@gmail.com, tweetText=Jai Shri ram, firstName=ram, lastName=ji, tweetDate=07-04-2022, likes=[hanuman@gmail.com, Krishna@gmail.com], comments=[Comment(username=hanuman@gmail.com, comment=Jai Ram)])
2022-04-08 17:56:24.590  INFO 23264 --- [http-nio-8082-exec-10] com.tweetapp.services.TweetService       : All tweets --> Tweet(tweetId=0f6eb15f-6156-483b-8576-b2af9d47fc77, username=ram@gmail.com, tweetText=Ram Ram , firstName=ram, lastName=ji, tweetDate=07-04-2022, likes=[hanuman@gmail.com, keshav@gmail.com], comments=[])
2022-04-08 17:56:24.591  INFO 23264 --- [http-nio-8082-exec-10] com.tweetapp.services.TweetService       : All tweets --> Tweet(tweetId=ef1d6561-0d92-4493-b40c-24673679a5f0, username=hanuman@gmail.com, tweetText=Jug Sahastr Yojan par bhaanu, Liliyo taahi madhur fal jaanu.
, firstName=hanuman, lastName=ji, tweetDate=07-04-2022, likes=[ram@gmail.com, keshav@gmail.com], comments=[Comment(username=ram@gmail.com, comment=Prabhu mudrika meli mukh maahi, jaladhi laanghi gaye.. achrach naahi)])
2022-04-08 17:56:24.591  INFO 23264 --- [http-nio-8082-exec-10] com.tweetapp.services.TweetService       : All tweets --> Tweet(tweetId=6f76a596-7757-42b9-ac56-181c81c762d1, username=hanuman@gmail.com, tweetText=Sab sukh lahe tumhari sharna, Tum Rakshak kaahu ko darna., firstName=hanuman, lastName=ji, tweetDate=07-04-2022, likes=[ram@gmail.com, Krishna@gmail.com, sita@gmail.com], comments=[Comment(username=hanuman@gmail.com, comment=ccoment from haniuman
)])
2022-04-08 17:56:24.592  INFO 23264 --- [http-nio-8082-exec-10] com.tweetapp.services.TweetService       : All tweets --> Tweet(tweetId=41dfe4a3-24cd-4110-8444-e7f3f90057df, username=Krishna@gmail.com, tweetText=Jai Shri Radhe, firstName=Hare, lastName=Krishna, tweetDate=07-04-2022, likes=[Krishna@gmail.com, hanuman@gmail.com], comments=[Comment(username=Krishna@gmail.com, comment=comment)])
2022-04-08 17:56:24.592  INFO 23264 --- [http-nio-8082-exec-10] com.tweetapp.services.TweetService       : All tweets --> Tweet(tweetId=67763af1-eef4-4b71-aeaf-1a41a66f7ba9, username=keshav@gmail.com, tweetText=Bansi sab sur baaje hai, ek hi dhun me baaje hai..
haal na pucho mohan ka, sab kuch radhe radhe hai, firstName=keshav, lastName=yadav, tweetDate=07-04-2022, likes=[keshav@gmail.com], comments=[])
2022-04-08 17:56:24.592  INFO 23264 --- [http-nio-8082-exec-10] com.tweetapp.services.TweetService       : All tweets --> Tweet(tweetId=f786a7a0-6de0-4b99-8486-fa7ec15e67a6, username=ram@gmail.com, tweetText=new tweet to test kafka consumer, firstName=ram, lastName=ji, tweetDate=08-04-2022, likes=[], comments=[Comment(username=ram@gmail.com, comment=new comment to test kafka consumer)])
2022-04-08 17:56:29.314  INFO 23264 --- [http-nio-8082-exec-5] com.tweetapp.services.TweetService       : All tweets --> Tweet(tweetId=eaf2b13e-424f-43ed-990a-a1458581f2ca, username=ram@gmail.com, tweetText=Jai Shri ram, firstName=ram, lastName=ji, tweetDate=07-04-2022, likes=[hanuman@gmail.com, Krishna@gmail.com], comments=[Comment(username=hanuman@gmail.com, comment=Jai Ram)])
2022-04-08 17:56:29.316  INFO 23264 --- [http-nio-8082-exec-5] com.tweetapp.services.TweetService       : All tweets --> Tweet(tweetId=0f6eb15f-6156-483b-8576-b2af9d47fc77, username=ram@gmail.com, tweetText=Ram Ram , firstName=ram, lastName=ji, tweetDate=07-04-2022, likes=[hanuman@gmail.com, keshav@gmail.com], comments=[])
2022-04-08 17:56:29.318  INFO 23264 --- [http-nio-8082-exec-5] com.tweetapp.services.TweetService       : All tweets --> Tweet(tweetId=ef1d6561-0d92-4493-b40c-24673679a5f0, username=hanuman@gmail.com, tweetText=Jug Sahastr Yojan par bhaanu, Liliyo taahi madhur fal jaanu.
, firstName=hanuman, lastName=ji, tweetDate=07-04-2022, likes=[ram@gmail.com, keshav@gmail.com], comments=[Comment(username=ram@gmail.com, comment=Prabhu mudrika meli mukh maahi, jaladhi laanghi gaye.. achrach naahi)])
2022-04-08 17:56:29.318  INFO 23264 --- [http-nio-8082-exec-5] com.tweetapp.services.TweetService       : All tweets --> Tweet(tweetId=6f76a596-7757-42b9-ac56-181c81c762d1, username=hanuman@gmail.com, tweetText=Sab sukh lahe tumhari sharna, Tum Rakshak kaahu ko darna., firstName=hanuman, lastName=ji, tweetDate=07-04-2022, likes=[ram@gmail.com, Krishna@gmail.com, sita@gmail.com], comments=[Comment(username=hanuman@gmail.com, comment=ccoment from haniuman
)])
2022-04-08 17:56:29.318  INFO 23264 --- [http-nio-8082-exec-5] com.tweetapp.services.TweetService       : All tweets --> Tweet(tweetId=41dfe4a3-24cd-4110-8444-e7f3f90057df, username=Krishna@gmail.com, tweetText=Jai Shri Radhe, firstName=Hare, lastName=Krishna, tweetDate=07-04-2022, likes=[Krishna@gmail.com, hanuman@gmail.com], comments=[Comment(username=Krishna@gmail.com, comment=comment)])
2022-04-08 17:56:29.319  INFO 23264 --- [http-nio-8082-exec-5] com.tweetapp.services.TweetService       : All tweets --> Tweet(tweetId=67763af1-eef4-4b71-aeaf-1a41a66f7ba9, username=keshav@gmail.com, tweetText=Bansi sab sur baaje hai, ek hi dhun me baaje hai..
haal na pucho mohan ka, sab kuch radhe radhe hai, firstName=keshav, lastName=yadav, tweetDate=07-04-2022, likes=[keshav@gmail.com], comments=[])
2022-04-08 17:56:29.319  INFO 23264 --- [http-nio-8082-exec-5] com.tweetapp.services.TweetService       : All tweets --> Tweet(tweetId=f786a7a0-6de0-4b99-8486-fa7ec15e67a6, username=ram@gmail.com, tweetText=new tweet to test kafka consumer, firstName=ram, lastName=ji, tweetDate=08-04-2022, likes=[], comments=[Comment(username=ram@gmail.com, comment=new comment to test kafka consumer)])
2022-04-08 17:56:32.845  INFO 23264 --- [http-nio-8082-exec-4] com.tweetapp.services.TweetService       : All tweets --> Tweet(tweetId=eaf2b13e-424f-43ed-990a-a1458581f2ca, username=ram@gmail.com, tweetText=Jai Shri ram, firstName=ram, lastName=ji, tweetDate=07-04-2022, likes=[hanuman@gmail.com, Krishna@gmail.com], comments=[Comment(username=hanuman@gmail.com, comment=Jai Ram)])
2022-04-08 17:56:32.847  INFO 23264 --- [http-nio-8082-exec-4] com.tweetapp.services.TweetService       : All tweets --> Tweet(tweetId=0f6eb15f-6156-483b-8576-b2af9d47fc77, username=ram@gmail.com, tweetText=Ram Ram , firstName=ram, lastName=ji, tweetDate=07-04-2022, likes=[hanuman@gmail.com, keshav@gmail.com], comments=[])
2022-04-08 17:56:32.847  INFO 23264 --- [http-nio-8082-exec-4] com.tweetapp.services.TweetService       : All tweets --> Tweet(tweetId=ef1d6561-0d92-4493-b40c-24673679a5f0, username=hanuman@gmail.com, tweetText=Jug Sahastr Yojan par bhaanu, Liliyo taahi madhur fal jaanu.
, firstName=hanuman, lastName=ji, tweetDate=07-04-2022, likes=[ram@gmail.com, keshav@gmail.com], comments=[Comment(username=ram@gmail.com, comment=Prabhu mudrika meli mukh maahi, jaladhi laanghi gaye.. achrach naahi)])
2022-04-08 17:56:32.848  INFO 23264 --- [http-nio-8082-exec-4] com.tweetapp.services.TweetService       : All tweets --> Tweet(tweetId=6f76a596-7757-42b9-ac56-181c81c762d1, username=hanuman@gmail.com, tweetText=Sab sukh lahe tumhari sharna, Tum Rakshak kaahu ko darna., firstName=hanuman, lastName=ji, tweetDate=07-04-2022, likes=[ram@gmail.com, Krishna@gmail.com, sita@gmail.com], comments=[Comment(username=hanuman@gmail.com, comment=ccoment from haniuman
)])
2022-04-08 17:56:32.848  INFO 23264 --- [http-nio-8082-exec-4] com.tweetapp.services.TweetService       : All tweets --> Tweet(tweetId=41dfe4a3-24cd-4110-8444-e7f3f90057df, username=Krishna@gmail.com, tweetText=Jai Shri Radhe, firstName=Hare, lastName=Krishna, tweetDate=07-04-2022, likes=[Krishna@gmail.com, hanuman@gmail.com], comments=[Comment(username=Krishna@gmail.com, comment=comment)])
2022-04-08 17:56:32.848  INFO 23264 --- [http-nio-8082-exec-4] com.tweetapp.services.TweetService       : All tweets --> Tweet(tweetId=67763af1-eef4-4b71-aeaf-1a41a66f7ba9, username=keshav@gmail.com, tweetText=Bansi sab sur baaje hai, ek hi dhun me baaje hai..
haal na pucho mohan ka, sab kuch radhe radhe hai, firstName=keshav, lastName=yadav, tweetDate=07-04-2022, likes=[keshav@gmail.com], comments=[])
2022-04-08 17:56:32.849  INFO 23264 --- [http-nio-8082-exec-4] com.tweetapp.services.TweetService       : All tweets --> Tweet(tweetId=f786a7a0-6de0-4b99-8486-fa7ec15e67a6, username=ram@gmail.com, tweetText=new tweet to test kafka consumer, firstName=ram, lastName=ji, tweetDate=08-04-2022, likes=[], comments=[Comment(username=ram@gmail.com, comment=new comment to test kafka consumer)])
2022-04-08 17:56:33.701  INFO 23264 --- [http-nio-8082-exec-7] com.tweetapp.services.TweetService       : ram@gmail.com tweets --> Tweet(tweetId=eaf2b13e-424f-43ed-990a-a1458581f2ca, username=ram@gmail.com, tweetText=Jai Shri ram, firstName=ram, lastName=ji, tweetDate=07-04-2022, likes=[hanuman@gmail.com, Krishna@gmail.com], comments=[Comment(username=hanuman@gmail.com, comment=Jai Ram)])
2022-04-08 17:56:33.702  INFO 23264 --- [http-nio-8082-exec-7] com.tweetapp.services.TweetService       : ram@gmail.com tweets --> Tweet(tweetId=0f6eb15f-6156-483b-8576-b2af9d47fc77, username=ram@gmail.com, tweetText=Ram Ram , firstName=ram, lastName=ji, tweetDate=07-04-2022, likes=[hanuman@gmail.com, keshav@gmail.com], comments=[])
2022-04-08 17:56:33.702  INFO 23264 --- [http-nio-8082-exec-7] com.tweetapp.services.TweetService       : ram@gmail.com tweets --> Tweet(tweetId=f786a7a0-6de0-4b99-8486-fa7ec15e67a6, username=ram@gmail.com, tweetText=new tweet to test kafka consumer, firstName=ram, lastName=ji, tweetDate=08-04-2022, likes=[], comments=[Comment(username=ram@gmail.com, comment=new comment to test kafka consumer)])
2022-04-08 17:56:37.347  INFO 23264 --- [http-nio-8082-exec-10] com.tweetapp.services.TweetService       : returned tweet --> Tweet(tweetId=0f6eb15f-6156-483b-8576-b2af9d47fc77, username=ram@gmail.com, tweetText=Ram Ram , firstName=ram, lastName=ji, tweetDate=07-04-2022, likes=[hanuman@gmail.com, keshav@gmail.com], comments=[])
2022-04-08 17:56:44.989  INFO 23264 --- [http-nio-8082-exec-1] com.tweetapp.services.TweetService       : Updated tweet --> Tweet(tweetId=0f6eb15f-6156-483b-8576-b2af9d47fc77, username=ram@gmail.com, tweetText=Ram Ram Jai Raja Ram, firstName=ram, lastName=ji, tweetDate=07-04-2022, likes=[hanuman@gmail.com, keshav@gmail.com], comments=[])
2022-04-08 17:56:45.012  INFO 23264 --- [http-nio-8082-exec-2] com.tweetapp.services.TweetService       : ram@gmail.com tweets --> Tweet(tweetId=eaf2b13e-424f-43ed-990a-a1458581f2ca, username=ram@gmail.com, tweetText=Jai Shri ram, firstName=ram, lastName=ji, tweetDate=07-04-2022, likes=[hanuman@gmail.com, Krishna@gmail.com], comments=[Comment(username=hanuman@gmail.com, comment=Jai Ram)])
2022-04-08 17:56:45.013  INFO 23264 --- [http-nio-8082-exec-2] com.tweetapp.services.TweetService       : ram@gmail.com tweets --> Tweet(tweetId=0f6eb15f-6156-483b-8576-b2af9d47fc77, username=ram@gmail.com, tweetText=Ram Ram Jai Raja Ram, firstName=ram, lastName=ji, tweetDate=07-04-2022, likes=[hanuman@gmail.com, keshav@gmail.com], comments=[])
2022-04-08 17:56:45.013  INFO 23264 --- [http-nio-8082-exec-2] com.tweetapp.services.TweetService       : ram@gmail.com tweets --> Tweet(tweetId=f786a7a0-6de0-4b99-8486-fa7ec15e67a6, username=ram@gmail.com, tweetText=new tweet to test kafka consumer, firstName=ram, lastName=ji, tweetDate=08-04-2022, likes=[], comments=[Comment(username=ram@gmail.com, comment=new comment to test kafka consumer)])
2022-04-08 17:56:47.303  INFO 23264 --- [http-nio-8082-exec-3] com.tweetapp.services.TweetService       : All tweets --> Tweet(tweetId=eaf2b13e-424f-43ed-990a-a1458581f2ca, username=ram@gmail.com, tweetText=Jai Shri ram, firstName=ram, lastName=ji, tweetDate=07-04-2022, likes=[hanuman@gmail.com, Krishna@gmail.com], comments=[Comment(username=hanuman@gmail.com, comment=Jai Ram)])
2022-04-08 17:56:47.304  INFO 23264 --- [http-nio-8082-exec-3] com.tweetapp.services.TweetService       : All tweets --> Tweet(tweetId=0f6eb15f-6156-483b-8576-b2af9d47fc77, username=ram@gmail.com, tweetText=Ram Ram Jai Raja Ram, firstName=ram, lastName=ji, tweetDate=07-04-2022, likes=[hanuman@gmail.com, keshav@gmail.com], comments=[])
2022-04-08 17:56:47.306  INFO 23264 --- [http-nio-8082-exec-3] com.tweetapp.services.TweetService       : All tweets --> Tweet(tweetId=ef1d6561-0d92-4493-b40c-24673679a5f0, username=hanuman@gmail.com, tweetText=Jug Sahastr Yojan par bhaanu, Liliyo taahi madhur fal jaanu.
, firstName=hanuman, lastName=ji, tweetDate=07-04-2022, likes=[ram@gmail.com, keshav@gmail.com], comments=[Comment(username=ram@gmail.com, comment=Prabhu mudrika meli mukh maahi, jaladhi laanghi gaye.. achrach naahi)])
2022-04-08 17:56:47.306  INFO 23264 --- [http-nio-8082-exec-3] com.tweetapp.services.TweetService       : All tweets --> Tweet(tweetId=6f76a596-7757-42b9-ac56-181c81c762d1, username=hanuman@gmail.com, tweetText=Sab sukh lahe tumhari sharna, Tum Rakshak kaahu ko darna., firstName=hanuman, lastName=ji, tweetDate=07-04-2022, likes=[ram@gmail.com, Krishna@gmail.com, sita@gmail.com], comments=[Comment(username=hanuman@gmail.com, comment=ccoment from haniuman
)])
2022-04-08 17:56:47.307  INFO 23264 --- [http-nio-8082-exec-3] com.tweetapp.services.TweetService       : All tweets --> Tweet(tweetId=41dfe4a3-24cd-4110-8444-e7f3f90057df, username=Krishna@gmail.com, tweetText=Jai Shri Radhe, firstName=Hare, lastName=Krishna, tweetDate=07-04-2022, likes=[Krishna@gmail.com, hanuman@gmail.com], comments=[Comment(username=Krishna@gmail.com, comment=comment)])
2022-04-08 17:56:47.307  INFO 23264 --- [http-nio-8082-exec-3] com.tweetapp.services.TweetService       : All tweets --> Tweet(tweetId=67763af1-eef4-4b71-aeaf-1a41a66f7ba9, username=keshav@gmail.com, tweetText=Bansi sab sur baaje hai, ek hi dhun me baaje hai..
haal na pucho mohan ka, sab kuch radhe radhe hai, firstName=keshav, lastName=yadav, tweetDate=07-04-2022, likes=[keshav@gmail.com], comments=[])
2022-04-08 17:56:47.307  INFO 23264 --- [http-nio-8082-exec-3] com.tweetapp.services.TweetService       : All tweets --> Tweet(tweetId=f786a7a0-6de0-4b99-8486-fa7ec15e67a6, username=ram@gmail.com, tweetText=new tweet to test kafka consumer, firstName=ram, lastName=ji, tweetDate=08-04-2022, likes=[], comments=[Comment(username=ram@gmail.com, comment=new comment to test kafka consumer)])
2022-04-08 17:57:05.628  INFO 23264 --- [http-nio-8082-exec-6] com.tweetapp.controller.TweetController  : posting tweet message sent to: tweets
2022-04-08 17:57:05.630  INFO 23264 --- [http-nio-8082-exec-6] com.tweetapp.services.TweetService       : The new tweet --> Tweet(tweetId=b77596d6-5496-4b95-80fe-5570178f908c, username=ram@gmail.com, tweetText=new tweet from sita to test kafka consumer, firstName=ram, lastName=ji, tweetDate=08-04-2022, likes=[], comments=[])
2022-04-08 18:06:19.260  INFO 23264 --- [http-nio-8082-exec-1] com.tweetapp.services.TweetService       : All tweets --> Tweet(tweetId=eaf2b13e-424f-43ed-990a-a1458581f2ca, username=ram@gmail.com, tweetText=Jai Shri ram, firstName=ram, lastName=ji, tweetDate=07-04-2022, likes=[hanuman@gmail.com, Krishna@gmail.com], comments=[Comment(username=hanuman@gmail.com, comment=Jai Ram)])
2022-04-08 18:06:19.261  INFO 23264 --- [http-nio-8082-exec-1] com.tweetapp.services.TweetService       : All tweets --> Tweet(tweetId=0f6eb15f-6156-483b-8576-b2af9d47fc77, username=ram@gmail.com, tweetText=Ram Ram Jai Raja Ram, firstName=ram, lastName=ji, tweetDate=07-04-2022, likes=[hanuman@gmail.com, keshav@gmail.com], comments=[])
2022-04-08 18:06:19.261  INFO 23264 --- [http-nio-8082-exec-1] com.tweetapp.services.TweetService       : All tweets --> Tweet(tweetId=ef1d6561-0d92-4493-b40c-24673679a5f0, username=hanuman@gmail.com, tweetText=Jug Sahastr Yojan par bhaanu, Liliyo taahi madhur fal jaanu.
, firstName=hanuman, lastName=ji, tweetDate=07-04-2022, likes=[ram@gmail.com, keshav@gmail.com], comments=[Comment(username=ram@gmail.com, comment=Prabhu mudrika meli mukh maahi, jaladhi laanghi gaye.. achrach naahi)])
2022-04-08 18:06:19.261  INFO 23264 --- [http-nio-8082-exec-1] com.tweetapp.services.TweetService       : All tweets --> Tweet(tweetId=6f76a596-7757-42b9-ac56-181c81c762d1, username=hanuman@gmail.com, tweetText=Sab sukh lahe tumhari sharna, Tum Rakshak kaahu ko darna., firstName=hanuman, lastName=ji, tweetDate=07-04-2022, likes=[ram@gmail.com, Krishna@gmail.com, sita@gmail.com], comments=[Comment(username=hanuman@gmail.com, comment=ccoment from haniuman
)])
2022-04-08 18:06:19.261  INFO 23264 --- [http-nio-8082-exec-1] com.tweetapp.services.TweetService       : All tweets --> Tweet(tweetId=41dfe4a3-24cd-4110-8444-e7f3f90057df, username=Krishna@gmail.com, tweetText=Jai Shri Radhe, firstName=Hare, lastName=Krishna, tweetDate=07-04-2022, likes=[Krishna@gmail.com, hanuman@gmail.com], comments=[Comment(username=Krishna@gmail.com, comment=comment)])
2022-04-08 18:06:19.261  INFO 23264 --- [http-nio-8082-exec-1] com.tweetapp.services.TweetService       : All tweets --> Tweet(tweetId=67763af1-eef4-4b71-aeaf-1a41a66f7ba9, username=keshav@gmail.com, tweetText=Bansi sab sur baaje hai, ek hi dhun me baaje hai..
haal na pucho mohan ka, sab kuch radhe radhe hai, firstName=keshav, lastName=yadav, tweetDate=07-04-2022, likes=[keshav@gmail.com], comments=[])
2022-04-08 18:06:19.261  INFO 23264 --- [http-nio-8082-exec-1] com.tweetapp.services.TweetService       : All tweets --> Tweet(tweetId=f786a7a0-6de0-4b99-8486-fa7ec15e67a6, username=ram@gmail.com, tweetText=new tweet to test kafka consumer, firstName=ram, lastName=ji, tweetDate=08-04-2022, likes=[], comments=[Comment(username=ram@gmail.com, comment=new comment to test kafka consumer)])
2022-04-08 18:06:19.262  INFO 23264 --- [http-nio-8082-exec-1] com.tweetapp.services.TweetService       : All tweets --> Tweet(tweetId=b77596d6-5496-4b95-80fe-5570178f908c, username=ram@gmail.com, tweetText=new tweet from sita to test kafka consumer, firstName=ram, lastName=ji, tweetDate=08-04-2022, likes=[], comments=[])
2022-04-08 18:07:03.089  INFO 23264 --- [http-nio-8082-exec-3] com.tweetapp.services.TweetService       : All tweets --> Tweet(tweetId=eaf2b13e-424f-43ed-990a-a1458581f2ca, username=ram@gmail.com, tweetText=Jai Shri ram, firstName=ram, lastName=ji, tweetDate=07-04-2022, likes=[hanuman@gmail.com, Krishna@gmail.com], comments=[Comment(username=hanuman@gmail.com, comment=Jai Ram)])
2022-04-08 18:07:03.090  INFO 23264 --- [http-nio-8082-exec-3] com.tweetapp.services.TweetService       : All tweets --> Tweet(tweetId=0f6eb15f-6156-483b-8576-b2af9d47fc77, username=ram@gmail.com, tweetText=Ram Ram Jai Raja Ram, firstName=ram, lastName=ji, tweetDate=07-04-2022, likes=[hanuman@gmail.com, keshav@gmail.com], comments=[])
2022-04-08 18:07:03.090  INFO 23264 --- [http-nio-8082-exec-3] com.tweetapp.services.TweetService       : All tweets --> Tweet(tweetId=ef1d6561-0d92-4493-b40c-24673679a5f0, username=hanuman@gmail.com, tweetText=Jug Sahastr Yojan par bhaanu, Liliyo taahi madhur fal jaanu.
, firstName=hanuman, lastName=ji, tweetDate=07-04-2022, likes=[ram@gmail.com, keshav@gmail.com], comments=[Comment(username=ram@gmail.com, comment=Prabhu mudrika meli mukh maahi, jaladhi laanghi gaye.. achrach naahi)])
2022-04-08 18:07:03.090  INFO 23264 --- [http-nio-8082-exec-3] com.tweetapp.services.TweetService       : All tweets --> Tweet(tweetId=6f76a596-7757-42b9-ac56-181c81c762d1, username=hanuman@gmail.com, tweetText=Sab sukh lahe tumhari sharna, Tum Rakshak kaahu ko darna., firstName=hanuman, lastName=ji, tweetDate=07-04-2022, likes=[ram@gmail.com, Krishna@gmail.com, sita@gmail.com], comments=[Comment(username=hanuman@gmail.com, comment=ccoment from haniuman
)])
2022-04-08 18:07:03.090  INFO 23264 --- [http-nio-8082-exec-3] com.tweetapp.services.TweetService       : All tweets --> Tweet(tweetId=41dfe4a3-24cd-4110-8444-e7f3f90057df, username=Krishna@gmail.com, tweetText=Jai Shri Radhe, firstName=Hare, lastName=Krishna, tweetDate=07-04-2022, likes=[Krishna@gmail.com, hanuman@gmail.com], comments=[Comment(username=Krishna@gmail.com, comment=comment)])
2022-04-08 18:07:03.090  INFO 23264 --- [http-nio-8082-exec-3] com.tweetapp.services.TweetService       : All tweets --> Tweet(tweetId=67763af1-eef4-4b71-aeaf-1a41a66f7ba9, username=keshav@gmail.com, tweetText=Bansi sab sur baaje hai, ek hi dhun me baaje hai..
haal na pucho mohan ka, sab kuch radhe radhe hai, firstName=keshav, lastName=yadav, tweetDate=07-04-2022, likes=[keshav@gmail.com], comments=[])
2022-04-08 18:07:03.091  INFO 23264 --- [http-nio-8082-exec-3] com.tweetapp.services.TweetService       : All tweets --> Tweet(tweetId=f786a7a0-6de0-4b99-8486-fa7ec15e67a6, username=ram@gmail.com, tweetText=new tweet to test kafka consumer, firstName=ram, lastName=ji, tweetDate=08-04-2022, likes=[], comments=[Comment(username=ram@gmail.com, comment=new comment to test kafka consumer)])
2022-04-08 18:07:03.091  INFO 23264 --- [http-nio-8082-exec-3] com.tweetapp.services.TweetService       : All tweets --> Tweet(tweetId=b77596d6-5496-4b95-80fe-5570178f908c, username=ram@gmail.com, tweetText=new tweet from sita to test kafka consumer, firstName=ram, lastName=ji, tweetDate=08-04-2022, likes=[], comments=[])
2022-04-08 18:07:20.414  INFO 23264 --- [http-nio-8082-exec-5] com.tweetapp.services.TweetService       : All tweets --> Tweet(tweetId=eaf2b13e-424f-43ed-990a-a1458581f2ca, username=ram@gmail.com, tweetText=Jai Shri ram, firstName=ram, lastName=ji, tweetDate=07-04-2022, likes=[hanuman@gmail.com, Krishna@gmail.com], comments=[Comment(username=hanuman@gmail.com, comment=Jai Ram)])
2022-04-08 18:07:20.414  INFO 23264 --- [http-nio-8082-exec-5] com.tweetapp.services.TweetService       : All tweets --> Tweet(tweetId=0f6eb15f-6156-483b-8576-b2af9d47fc77, username=ram@gmail.com, tweetText=Ram Ram Jai Raja Ram, firstName=ram, lastName=ji, tweetDate=07-04-2022, likes=[hanuman@gmail.com, keshav@gmail.com], comments=[])
2022-04-08 18:07:20.414  INFO 23264 --- [http-nio-8082-exec-5] com.tweetapp.services.TweetService       : All tweets --> Tweet(tweetId=ef1d6561-0d92-4493-b40c-24673679a5f0, username=hanuman@gmail.com, tweetText=Jug Sahastr Yojan par bhaanu, Liliyo taahi madhur fal jaanu.
, firstName=hanuman, lastName=ji, tweetDate=07-04-2022, likes=[ram@gmail.com, keshav@gmail.com], comments=[Comment(username=ram@gmail.com, comment=Prabhu mudrika meli mukh maahi, jaladhi laanghi gaye.. achrach naahi)])
2022-04-08 18:07:20.415  INFO 23264 --- [http-nio-8082-exec-5] com.tweetapp.services.TweetService       : All tweets --> Tweet(tweetId=6f76a596-7757-42b9-ac56-181c81c762d1, username=hanuman@gmail.com, tweetText=Sab sukh lahe tumhari sharna, Tum Rakshak kaahu ko darna., firstName=hanuman, lastName=ji, tweetDate=07-04-2022, likes=[ram@gmail.com, Krishna@gmail.com, sita@gmail.com], comments=[Comment(username=hanuman@gmail.com, comment=ccoment from haniuman
)])
2022-04-08 18:07:20.415  INFO 23264 --- [http-nio-8082-exec-5] com.tweetapp.services.TweetService       : All tweets --> Tweet(tweetId=41dfe4a3-24cd-4110-8444-e7f3f90057df, username=Krishna@gmail.com, tweetText=Jai Shri Radhe, firstName=Hare, lastName=Krishna, tweetDate=07-04-2022, likes=[Krishna@gmail.com, hanuman@gmail.com], comments=[Comment(username=Krishna@gmail.com, comment=comment)])
2022-04-08 18:07:20.415  INFO 23264 --- [http-nio-8082-exec-5] com.tweetapp.services.TweetService       : All tweets --> Tweet(tweetId=67763af1-eef4-4b71-aeaf-1a41a66f7ba9, username=keshav@gmail.com, tweetText=Bansi sab sur baaje hai, ek hi dhun me baaje hai..
haal na pucho mohan ka, sab kuch radhe radhe hai, firstName=keshav, lastName=yadav, tweetDate=07-04-2022, likes=[keshav@gmail.com], comments=[])
2022-04-08 18:07:20.415  INFO 23264 --- [http-nio-8082-exec-5] com.tweetapp.services.TweetService       : All tweets --> Tweet(tweetId=f786a7a0-6de0-4b99-8486-fa7ec15e67a6, username=ram@gmail.com, tweetText=new tweet to test kafka consumer, firstName=ram, lastName=ji, tweetDate=08-04-2022, likes=[], comments=[Comment(username=ram@gmail.com, comment=new comment to test kafka consumer)])
2022-04-08 18:07:20.415  INFO 23264 --- [http-nio-8082-exec-5] com.tweetapp.services.TweetService       : All tweets --> Tweet(tweetId=b77596d6-5496-4b95-80fe-5570178f908c, username=ram@gmail.com, tweetText=new tweet from sita to test kafka consumer, firstName=ram, lastName=ji, tweetDate=08-04-2022, likes=[], comments=[])
2022-04-08 18:07:28.727  INFO 23264 --- [http-nio-8082-exec-7] com.tweetapp.services.TweetService       : All tweets --> Tweet(tweetId=eaf2b13e-424f-43ed-990a-a1458581f2ca, username=ram@gmail.com, tweetText=Jai Shri ram, firstName=ram, lastName=ji, tweetDate=07-04-2022, likes=[hanuman@gmail.com, Krishna@gmail.com], comments=[Comment(username=hanuman@gmail.com, comment=Jai Ram)])
2022-04-08 18:07:28.728  INFO 23264 --- [http-nio-8082-exec-7] com.tweetapp.services.TweetService       : All tweets --> Tweet(tweetId=0f6eb15f-6156-483b-8576-b2af9d47fc77, username=ram@gmail.com, tweetText=Ram Ram Jai Raja Ram, firstName=ram, lastName=ji, tweetDate=07-04-2022, likes=[hanuman@gmail.com, keshav@gmail.com], comments=[])
2022-04-08 18:07:28.728  INFO 23264 --- [http-nio-8082-exec-7] com.tweetapp.services.TweetService       : All tweets --> Tweet(tweetId=ef1d6561-0d92-4493-b40c-24673679a5f0, username=hanuman@gmail.com, tweetText=Jug Sahastr Yojan par bhaanu, Liliyo taahi madhur fal jaanu.
, firstName=hanuman, lastName=ji, tweetDate=07-04-2022, likes=[ram@gmail.com, keshav@gmail.com], comments=[Comment(username=ram@gmail.com, comment=Prabhu mudrika meli mukh maahi, jaladhi laanghi gaye.. achrach naahi)])
2022-04-08 18:07:28.728  INFO 23264 --- [http-nio-8082-exec-7] com.tweetapp.services.TweetService       : All tweets --> Tweet(tweetId=6f76a596-7757-42b9-ac56-181c81c762d1, username=hanuman@gmail.com, tweetText=Sab sukh lahe tumhari sharna, Tum Rakshak kaahu ko darna., firstName=hanuman, lastName=ji, tweetDate=07-04-2022, likes=[ram@gmail.com, Krishna@gmail.com, sita@gmail.com], comments=[Comment(username=hanuman@gmail.com, comment=ccoment from haniuman
)])
2022-04-08 18:07:28.728  INFO 23264 --- [http-nio-8082-exec-7] com.tweetapp.services.TweetService       : All tweets --> Tweet(tweetId=41dfe4a3-24cd-4110-8444-e7f3f90057df, username=Krishna@gmail.com, tweetText=Jai Shri Radhe, firstName=Hare, lastName=Krishna, tweetDate=07-04-2022, likes=[Krishna@gmail.com, hanuman@gmail.com], comments=[Comment(username=Krishna@gmail.com, comment=comment)])
2022-04-08 18:07:28.728  INFO 23264 --- [http-nio-8082-exec-7] com.tweetapp.services.TweetService       : All tweets --> Tweet(tweetId=67763af1-eef4-4b71-aeaf-1a41a66f7ba9, username=keshav@gmail.com, tweetText=Bansi sab sur baaje hai, ek hi dhun me baaje hai..
haal na pucho mohan ka, sab kuch radhe radhe hai, firstName=keshav, lastName=yadav, tweetDate=07-04-2022, likes=[keshav@gmail.com], comments=[])
2022-04-08 18:07:28.728  INFO 23264 --- [http-nio-8082-exec-7] com.tweetapp.services.TweetService       : All tweets --> Tweet(tweetId=f786a7a0-6de0-4b99-8486-fa7ec15e67a6, username=ram@gmail.com, tweetText=new tweet to test kafka consumer, firstName=ram, lastName=ji, tweetDate=08-04-2022, likes=[], comments=[Comment(username=ram@gmail.com, comment=new comment to test kafka consumer)])
2022-04-08 18:07:28.729  INFO 23264 --- [http-nio-8082-exec-7] com.tweetapp.services.TweetService       : All tweets --> Tweet(tweetId=b77596d6-5496-4b95-80fe-5570178f908c, username=ram@gmail.com, tweetText=new tweet from sita to test kafka consumer, firstName=ram, lastName=ji, tweetDate=08-04-2022, likes=[], comments=[])
2022-04-08 18:07:58.263  INFO 23264 --- [http-nio-8082-exec-1] com.tweetapp.services.TweetService       : All tweets --> Tweet(tweetId=eaf2b13e-424f-43ed-990a-a1458581f2ca, username=ram@gmail.com, tweetText=Jai Shri ram, firstName=ram, lastName=ji, tweetDate=07-04-2022, likes=[hanuman@gmail.com, Krishna@gmail.com], comments=[Comment(username=hanuman@gmail.com, comment=Jai Ram)])
2022-04-08 18:07:58.264  INFO 23264 --- [http-nio-8082-exec-1] com.tweetapp.services.TweetService       : All tweets --> Tweet(tweetId=0f6eb15f-6156-483b-8576-b2af9d47fc77, username=ram@gmail.com, tweetText=Ram Ram Jai Raja Ram, firstName=ram, lastName=ji, tweetDate=07-04-2022, likes=[hanuman@gmail.com, keshav@gmail.com], comments=[])
2022-04-08 18:07:58.264  INFO 23264 --- [http-nio-8082-exec-1] com.tweetapp.services.TweetService       : All tweets --> Tweet(tweetId=ef1d6561-0d92-4493-b40c-24673679a5f0, username=hanuman@gmail.com, tweetText=Jug Sahastr Yojan par bhaanu, Liliyo taahi madhur fal jaanu.
, firstName=hanuman, lastName=ji, tweetDate=07-04-2022, likes=[ram@gmail.com, keshav@gmail.com], comments=[Comment(username=ram@gmail.com, comment=Prabhu mudrika meli mukh maahi, jaladhi laanghi gaye.. achrach naahi)])
2022-04-08 18:07:58.264  INFO 23264 --- [http-nio-8082-exec-1] com.tweetapp.services.TweetService       : All tweets --> Tweet(tweetId=6f76a596-7757-42b9-ac56-181c81c762d1, username=hanuman@gmail.com, tweetText=Sab sukh lahe tumhari sharna, Tum Rakshak kaahu ko darna., firstName=hanuman, lastName=ji, tweetDate=07-04-2022, likes=[ram@gmail.com, Krishna@gmail.com, sita@gmail.com], comments=[Comment(username=hanuman@gmail.com, comment=ccoment from haniuman
)])
2022-04-08 18:07:58.265  INFO 23264 --- [http-nio-8082-exec-1] com.tweetapp.services.TweetService       : All tweets --> Tweet(tweetId=41dfe4a3-24cd-4110-8444-e7f3f90057df, username=Krishna@gmail.com, tweetText=Jai Shri Radhe, firstName=Hare, lastName=Krishna, tweetDate=07-04-2022, likes=[Krishna@gmail.com, hanuman@gmail.com], comments=[Comment(username=Krishna@gmail.com, comment=comment)])
2022-04-08 18:07:58.265  INFO 23264 --- [http-nio-8082-exec-1] com.tweetapp.services.TweetService       : All tweets --> Tweet(tweetId=67763af1-eef4-4b71-aeaf-1a41a66f7ba9, username=keshav@gmail.com, tweetText=Bansi sab sur baaje hai, ek hi dhun me baaje hai..
haal na pucho mohan ka, sab kuch radhe radhe hai, firstName=keshav, lastName=yadav, tweetDate=07-04-2022, likes=[keshav@gmail.com], comments=[])
2022-04-08 18:07:58.265  INFO 23264 --- [http-nio-8082-exec-1] com.tweetapp.services.TweetService       : All tweets --> Tweet(tweetId=f786a7a0-6de0-4b99-8486-fa7ec15e67a6, username=ram@gmail.com, tweetText=new tweet to test kafka consumer, firstName=ram, lastName=ji, tweetDate=08-04-2022, likes=[], comments=[Comment(username=ram@gmail.com, comment=new comment to test kafka consumer)])
2022-04-08 18:07:58.265  INFO 23264 --- [http-nio-8082-exec-1] com.tweetapp.services.TweetService       : All tweets --> Tweet(tweetId=b77596d6-5496-4b95-80fe-5570178f908c, username=ram@gmail.com, tweetText=new tweet from sita to test kafka consumer, firstName=ram, lastName=ji, tweetDate=08-04-2022, likes=[], comments=[])
2022-04-08 18:08:04.028  INFO 23264 --- [http-nio-8082-exec-2] com.tweetapp.services.TweetService       : All tweets --> Tweet(tweetId=eaf2b13e-424f-43ed-990a-a1458581f2ca, username=ram@gmail.com, tweetText=Jai Shri ram, firstName=ram, lastName=ji, tweetDate=07-04-2022, likes=[hanuman@gmail.com, Krishna@gmail.com], comments=[Comment(username=hanuman@gmail.com, comment=Jai Ram)])
2022-04-08 18:08:04.028  INFO 23264 --- [http-nio-8082-exec-2] com.tweetapp.services.TweetService       : All tweets --> Tweet(tweetId=0f6eb15f-6156-483b-8576-b2af9d47fc77, username=ram@gmail.com, tweetText=Ram Ram Jai Raja Ram, firstName=ram, lastName=ji, tweetDate=07-04-2022, likes=[hanuman@gmail.com, keshav@gmail.com], comments=[])
2022-04-08 18:08:04.028  INFO 23264 --- [http-nio-8082-exec-2] com.tweetapp.services.TweetService       : All tweets --> Tweet(tweetId=ef1d6561-0d92-4493-b40c-24673679a5f0, username=hanuman@gmail.com, tweetText=Jug Sahastr Yojan par bhaanu, Liliyo taahi madhur fal jaanu.
, firstName=hanuman, lastName=ji, tweetDate=07-04-2022, likes=[ram@gmail.com, keshav@gmail.com], comments=[Comment(username=ram@gmail.com, comment=Prabhu mudrika meli mukh maahi, jaladhi laanghi gaye.. achrach naahi)])
2022-04-08 18:08:04.029  INFO 23264 --- [http-nio-8082-exec-2] com.tweetapp.services.TweetService       : All tweets --> Tweet(tweetId=6f76a596-7757-42b9-ac56-181c81c762d1, username=hanuman@gmail.com, tweetText=Sab sukh lahe tumhari sharna, Tum Rakshak kaahu ko darna., firstName=hanuman, lastName=ji, tweetDate=07-04-2022, likes=[ram@gmail.com, Krishna@gmail.com, sita@gmail.com], comments=[Comment(username=hanuman@gmail.com, comment=ccoment from haniuman
)])
2022-04-08 18:08:04.029  INFO 23264 --- [http-nio-8082-exec-2] com.tweetapp.services.TweetService       : All tweets --> Tweet(tweetId=41dfe4a3-24cd-4110-8444-e7f3f90057df, username=Krishna@gmail.com, tweetText=Jai Shri Radhe, firstName=Hare, lastName=Krishna, tweetDate=07-04-2022, likes=[Krishna@gmail.com, hanuman@gmail.com], comments=[Comment(username=Krishna@gmail.com, comment=comment)])
2022-04-08 18:08:04.029  INFO 23264 --- [http-nio-8082-exec-2] com.tweetapp.services.TweetService       : All tweets --> Tweet(tweetId=67763af1-eef4-4b71-aeaf-1a41a66f7ba9, username=keshav@gmail.com, tweetText=Bansi sab sur baaje hai, ek hi dhun me baaje hai..
haal na pucho mohan ka, sab kuch radhe radhe hai, firstName=keshav, lastName=yadav, tweetDate=07-04-2022, likes=[keshav@gmail.com], comments=[])
2022-04-08 18:08:04.029  INFO 23264 --- [http-nio-8082-exec-2] com.tweetapp.services.TweetService       : All tweets --> Tweet(tweetId=f786a7a0-6de0-4b99-8486-fa7ec15e67a6, username=ram@gmail.com, tweetText=new tweet to test kafka consumer, firstName=ram, lastName=ji, tweetDate=08-04-2022, likes=[], comments=[Comment(username=ram@gmail.com, comment=new comment to test kafka consumer)])
2022-04-08 18:08:04.029  INFO 23264 --- [http-nio-8082-exec-2] com.tweetapp.services.TweetService       : All tweets --> Tweet(tweetId=b77596d6-5496-4b95-80fe-5570178f908c, username=ram@gmail.com, tweetText=new tweet from sita to test kafka consumer, firstName=ram, lastName=ji, tweetDate=08-04-2022, likes=[], comments=[])
2022-04-08 18:08:23.229  INFO 23264 --- [http-nio-8082-exec-2] com.tweetapp.services.TweetService       : hanuman@gmail.com tweets --> Tweet(tweetId=ef1d6561-0d92-4493-b40c-24673679a5f0, username=hanuman@gmail.com, tweetText=Jug Sahastr Yojan par bhaanu, Liliyo taahi madhur fal jaanu.
, firstName=hanuman, lastName=ji, tweetDate=07-04-2022, likes=[ram@gmail.com, keshav@gmail.com], comments=[Comment(username=ram@gmail.com, comment=Prabhu mudrika meli mukh maahi, jaladhi laanghi gaye.. achrach naahi)])
2022-04-08 18:08:23.230  INFO 23264 --- [http-nio-8082-exec-2] com.tweetapp.services.TweetService       : hanuman@gmail.com tweets --> Tweet(tweetId=6f76a596-7757-42b9-ac56-181c81c762d1, username=hanuman@gmail.com, tweetText=Sab sukh lahe tumhari sharna, Tum Rakshak kaahu ko darna., firstName=hanuman, lastName=ji, tweetDate=07-04-2022, likes=[ram@gmail.com, Krishna@gmail.com, sita@gmail.com], comments=[Comment(username=hanuman@gmail.com, comment=ccoment from haniuman
)])
2022-04-08 18:08:31.119  INFO 23264 --- [http-nio-8082-exec-4] com.tweetapp.services.TweetService       : keshav@gmail.com tweets --> Tweet(tweetId=67763af1-eef4-4b71-aeaf-1a41a66f7ba9, username=keshav@gmail.com, tweetText=Bansi sab sur baaje hai, ek hi dhun me baaje hai..
haal na pucho mohan ka, sab kuch radhe radhe hai, firstName=keshav, lastName=yadav, tweetDate=07-04-2022, likes=[keshav@gmail.com], comments=[])
2022-04-08 18:08:38.006  INFO 23264 --- [http-nio-8082-exec-8] com.tweetapp.services.TweetService       : hanuman@gmail.com tweets --> Tweet(tweetId=ef1d6561-0d92-4493-b40c-24673679a5f0, username=hanuman@gmail.com, tweetText=Jug Sahastr Yojan par bhaanu, Liliyo taahi madhur fal jaanu.
, firstName=hanuman, lastName=ji, tweetDate=07-04-2022, likes=[ram@gmail.com, keshav@gmail.com], comments=[Comment(username=ram@gmail.com, comment=Prabhu mudrika meli mukh maahi, jaladhi laanghi gaye.. achrach naahi)])
2022-04-08 18:08:38.007  INFO 23264 --- [http-nio-8082-exec-8] com.tweetapp.services.TweetService       : hanuman@gmail.com tweets --> Tweet(tweetId=6f76a596-7757-42b9-ac56-181c81c762d1, username=hanuman@gmail.com, tweetText=Sab sukh lahe tumhari sharna, Tum Rakshak kaahu ko darna., firstName=hanuman, lastName=ji, tweetDate=07-04-2022, likes=[ram@gmail.com, Krishna@gmail.com, sita@gmail.com], comments=[Comment(username=hanuman@gmail.com, comment=ccoment from haniuman
)])
2022-04-08 18:08:48.023  INFO 23264 --- [http-nio-8082-exec-1] com.tweetapp.controller.TweetController  : posting tweet message sent to: tweets
2022-04-08 18:08:48.031  INFO 23264 --- [http-nio-8082-exec-1] com.tweetapp.services.TweetService       : The new tweet --> Tweet(tweetId=ef0ea39d-03f9-4e72-b5ae-fce2cde35331, username=hanuman@gmail.com, tweetText=new tweet
, firstName=hanuman, lastName=ji, tweetDate=08-04-2022, likes=[], comments=[])
2022-04-08 18:08:55.936  INFO 23264 --- [http-nio-8082-exec-2] com.tweetapp.services.TweetService       : hanuman@gmail.com tweets --> Tweet(tweetId=ef1d6561-0d92-4493-b40c-24673679a5f0, username=hanuman@gmail.com, tweetText=Jug Sahastr Yojan par bhaanu, Liliyo taahi madhur fal jaanu.
, firstName=hanuman, lastName=ji, tweetDate=07-04-2022, likes=[ram@gmail.com, keshav@gmail.com], comments=[Comment(username=ram@gmail.com, comment=Prabhu mudrika meli mukh maahi, jaladhi laanghi gaye.. achrach naahi)])
2022-04-08 18:08:55.937  INFO 23264 --- [http-nio-8082-exec-2] com.tweetapp.services.TweetService       : hanuman@gmail.com tweets --> Tweet(tweetId=6f76a596-7757-42b9-ac56-181c81c762d1, username=hanuman@gmail.com, tweetText=Sab sukh lahe tumhari sharna, Tum Rakshak kaahu ko darna., firstName=hanuman, lastName=ji, tweetDate=07-04-2022, likes=[ram@gmail.com, Krishna@gmail.com, sita@gmail.com], comments=[Comment(username=hanuman@gmail.com, comment=ccoment from haniuman
)])
2022-04-08 18:08:55.938  INFO 23264 --- [http-nio-8082-exec-2] com.tweetapp.services.TweetService       : hanuman@gmail.com tweets --> Tweet(tweetId=ef0ea39d-03f9-4e72-b5ae-fce2cde35331, username=hanuman@gmail.com, tweetText=new tweet
, firstName=hanuman, lastName=ji, tweetDate=08-04-2022, likes=[], comments=[])
2022-04-08 18:09:03.052  INFO 23264 --- [http-nio-8082-exec-3] com.tweetapp.controller.TweetController  : posting tweet message sent to: tweets
2022-04-08 18:09:03.053  INFO 23264 --- [http-nio-8082-exec-3] com.tweetapp.services.TweetService       : The new tweet --> Tweet(tweetId=0d0aac6e-0f49-45a9-bbb1-2a2f243f09f7, username=hanuman@gmail.com, tweetText=new tweet, firstName=hanuman, lastName=ji, tweetDate=08-04-2022, likes=[], comments=[])
2022-04-08 18:09:14.368  INFO 23264 --- [http-nio-8082-exec-5] com.tweetapp.controller.TweetController  : posting tweet message sent to: tweets
2022-04-08 18:09:14.370  INFO 23264 --- [http-nio-8082-exec-5] com.tweetapp.services.TweetService       : The new tweet --> Tweet(tweetId=edd0b3dd-bc3b-401d-8019-e8bcbabe2f8f, username=hanuman@gmail.com, tweetText=again a tweet, firstName=hanuman, lastName=ji, tweetDate=08-04-2022, likes=[], comments=[])
2022-04-08 18:09:16.293  INFO 23264 --- [http-nio-8082-exec-4] com.tweetapp.services.TweetService       : hanuman@gmail.com tweets --> Tweet(tweetId=ef1d6561-0d92-4493-b40c-24673679a5f0, username=hanuman@gmail.com, tweetText=Jug Sahastr Yojan par bhaanu, Liliyo taahi madhur fal jaanu.
, firstName=hanuman, lastName=ji, tweetDate=07-04-2022, likes=[ram@gmail.com, keshav@gmail.com], comments=[Comment(username=ram@gmail.com, comment=Prabhu mudrika meli mukh maahi, jaladhi laanghi gaye.. achrach naahi)])
2022-04-08 18:09:16.294  INFO 23264 --- [http-nio-8082-exec-4] com.tweetapp.services.TweetService       : hanuman@gmail.com tweets --> Tweet(tweetId=6f76a596-7757-42b9-ac56-181c81c762d1, username=hanuman@gmail.com, tweetText=Sab sukh lahe tumhari sharna, Tum Rakshak kaahu ko darna., firstName=hanuman, lastName=ji, tweetDate=07-04-2022, likes=[ram@gmail.com, Krishna@gmail.com, sita@gmail.com], comments=[Comment(username=hanuman@gmail.com, comment=ccoment from haniuman
)])
2022-04-08 18:09:16.294  INFO 23264 --- [http-nio-8082-exec-4] com.tweetapp.services.TweetService       : hanuman@gmail.com tweets --> Tweet(tweetId=ef0ea39d-03f9-4e72-b5ae-fce2cde35331, username=hanuman@gmail.com, tweetText=new tweet
, firstName=hanuman, lastName=ji, tweetDate=08-04-2022, likes=[], comments=[])
2022-04-08 18:09:16.294  INFO 23264 --- [http-nio-8082-exec-4] com.tweetapp.services.TweetService       : hanuman@gmail.com tweets --> Tweet(tweetId=0d0aac6e-0f49-45a9-bbb1-2a2f243f09f7, username=hanuman@gmail.com, tweetText=new tweet, firstName=hanuman, lastName=ji, tweetDate=08-04-2022, likes=[], comments=[])
2022-04-08 18:09:16.294  INFO 23264 --- [http-nio-8082-exec-4] com.tweetapp.services.TweetService       : hanuman@gmail.com tweets --> Tweet(tweetId=edd0b3dd-bc3b-401d-8019-e8bcbabe2f8f, username=hanuman@gmail.com, tweetText=again a tweet, firstName=hanuman, lastName=ji, tweetDate=08-04-2022, likes=[], comments=[])
2022-04-08 18:09:26.937  INFO 23264 --- [http-nio-8082-exec-9] com.tweetapp.services.TweetService       : All tweets --> Tweet(tweetId=eaf2b13e-424f-43ed-990a-a1458581f2ca, username=ram@gmail.com, tweetText=Jai Shri ram, firstName=ram, lastName=ji, tweetDate=07-04-2022, likes=[hanuman@gmail.com, Krishna@gmail.com], comments=[Comment(username=hanuman@gmail.com, comment=Jai Ram)])
2022-04-08 18:09:26.938  INFO 23264 --- [http-nio-8082-exec-9] com.tweetapp.services.TweetService       : All tweets --> Tweet(tweetId=0f6eb15f-6156-483b-8576-b2af9d47fc77, username=ram@gmail.com, tweetText=Ram Ram Jai Raja Ram, firstName=ram, lastName=ji, tweetDate=07-04-2022, likes=[hanuman@gmail.com, keshav@gmail.com], comments=[])
2022-04-08 18:09:26.939  INFO 23264 --- [http-nio-8082-exec-9] com.tweetapp.services.TweetService       : All tweets --> Tweet(tweetId=ef1d6561-0d92-4493-b40c-24673679a5f0, username=hanuman@gmail.com, tweetText=Jug Sahastr Yojan par bhaanu, Liliyo taahi madhur fal jaanu.
, firstName=hanuman, lastName=ji, tweetDate=07-04-2022, likes=[ram@gmail.com, keshav@gmail.com], comments=[Comment(username=ram@gmail.com, comment=Prabhu mudrika meli mukh maahi, jaladhi laanghi gaye.. achrach naahi)])
2022-04-08 18:09:26.939  INFO 23264 --- [http-nio-8082-exec-9] com.tweetapp.services.TweetService       : All tweets --> Tweet(tweetId=6f76a596-7757-42b9-ac56-181c81c762d1, username=hanuman@gmail.com, tweetText=Sab sukh lahe tumhari sharna, Tum Rakshak kaahu ko darna., firstName=hanuman, lastName=ji, tweetDate=07-04-2022, likes=[ram@gmail.com, Krishna@gmail.com, sita@gmail.com], comments=[Comment(username=hanuman@gmail.com, comment=ccoment from haniuman
)])
2022-04-08 18:09:26.939  INFO 23264 --- [http-nio-8082-exec-9] com.tweetapp.services.TweetService       : All tweets --> Tweet(tweetId=41dfe4a3-24cd-4110-8444-e7f3f90057df, username=Krishna@gmail.com, tweetText=Jai Shri Radhe, firstName=Hare, lastName=Krishna, tweetDate=07-04-2022, likes=[Krishna@gmail.com, hanuman@gmail.com], comments=[Comment(username=Krishna@gmail.com, comment=comment)])
2022-04-08 18:09:26.939  INFO 23264 --- [http-nio-8082-exec-9] com.tweetapp.services.TweetService       : All tweets --> Tweet(tweetId=67763af1-eef4-4b71-aeaf-1a41a66f7ba9, username=keshav@gmail.com, tweetText=Bansi sab sur baaje hai, ek hi dhun me baaje hai..
haal na pucho mohan ka, sab kuch radhe radhe hai, firstName=keshav, lastName=yadav, tweetDate=07-04-2022, likes=[keshav@gmail.com], comments=[])
2022-04-08 18:09:26.939  INFO 23264 --- [http-nio-8082-exec-9] com.tweetapp.services.TweetService       : All tweets --> Tweet(tweetId=f786a7a0-6de0-4b99-8486-fa7ec15e67a6, username=ram@gmail.com, tweetText=new tweet to test kafka consumer, firstName=ram, lastName=ji, tweetDate=08-04-2022, likes=[], comments=[Comment(username=ram@gmail.com, comment=new comment to test kafka consumer)])
2022-04-08 18:09:26.939  INFO 23264 --- [http-nio-8082-exec-9] com.tweetapp.services.TweetService       : All tweets --> Tweet(tweetId=b77596d6-5496-4b95-80fe-5570178f908c, username=ram@gmail.com, tweetText=new tweet from sita to test kafka consumer, firstName=ram, lastName=ji, tweetDate=08-04-2022, likes=[], comments=[])
2022-04-08 18:09:26.940  INFO 23264 --- [http-nio-8082-exec-9] com.tweetapp.services.TweetService       : All tweets --> Tweet(tweetId=ef0ea39d-03f9-4e72-b5ae-fce2cde35331, username=hanuman@gmail.com, tweetText=new tweet
, firstName=hanuman, lastName=ji, tweetDate=08-04-2022, likes=[], comments=[])
2022-04-08 18:09:26.940  INFO 23264 --- [http-nio-8082-exec-9] com.tweetapp.services.TweetService       : All tweets --> Tweet(tweetId=0d0aac6e-0f49-45a9-bbb1-2a2f243f09f7, username=hanuman@gmail.com, tweetText=new tweet, firstName=hanuman, lastName=ji, tweetDate=08-04-2022, likes=[], comments=[])
2022-04-08 18:09:26.940  INFO 23264 --- [http-nio-8082-exec-9] com.tweetapp.services.TweetService       : All tweets --> Tweet(tweetId=edd0b3dd-bc3b-401d-8019-e8bcbabe2f8f, username=hanuman@gmail.com, tweetText=again a tweet, firstName=hanuman, lastName=ji, tweetDate=08-04-2022, likes=[], comments=[])
2022-04-08 18:09:35.221  INFO 23264 --- [http-nio-8082-exec-6] com.tweetapp.services.TweetService       : Krishna@gmail.com tweets --> Tweet(tweetId=41dfe4a3-24cd-4110-8444-e7f3f90057df, username=Krishna@gmail.com, tweetText=Jai Shri Radhe, firstName=Hare, lastName=Krishna, tweetDate=07-04-2022, likes=[Krishna@gmail.com, hanuman@gmail.com], comments=[Comment(username=Krishna@gmail.com, comment=comment)])
2022-04-08 18:09:38.355  INFO 23264 --- [http-nio-8082-exec-3] com.tweetapp.services.TweetService       : All tweets --> Tweet(tweetId=eaf2b13e-424f-43ed-990a-a1458581f2ca, username=ram@gmail.com, tweetText=Jai Shri ram, firstName=ram, lastName=ji, tweetDate=07-04-2022, likes=[hanuman@gmail.com, Krishna@gmail.com], comments=[Comment(username=hanuman@gmail.com, comment=Jai Ram)])
2022-04-08 18:09:38.355  INFO 23264 --- [http-nio-8082-exec-3] com.tweetapp.services.TweetService       : All tweets --> Tweet(tweetId=0f6eb15f-6156-483b-8576-b2af9d47fc77, username=ram@gmail.com, tweetText=Ram Ram Jai Raja Ram, firstName=ram, lastName=ji, tweetDate=07-04-2022, likes=[hanuman@gmail.com, keshav@gmail.com], comments=[])
2022-04-08 18:09:38.355  INFO 23264 --- [http-nio-8082-exec-3] com.tweetapp.services.TweetService       : All tweets --> Tweet(tweetId=ef1d6561-0d92-4493-b40c-24673679a5f0, username=hanuman@gmail.com, tweetText=Jug Sahastr Yojan par bhaanu, Liliyo taahi madhur fal jaanu.
, firstName=hanuman, lastName=ji, tweetDate=07-04-2022, likes=[ram@gmail.com, keshav@gmail.com], comments=[Comment(username=ram@gmail.com, comment=Prabhu mudrika meli mukh maahi, jaladhi laanghi gaye.. achrach naahi)])
2022-04-08 18:09:38.356  INFO 23264 --- [http-nio-8082-exec-3] com.tweetapp.services.TweetService       : All tweets --> Tweet(tweetId=6f76a596-7757-42b9-ac56-181c81c762d1, username=hanuman@gmail.com, tweetText=Sab sukh lahe tumhari sharna, Tum Rakshak kaahu ko darna., firstName=hanuman, lastName=ji, tweetDate=07-04-2022, likes=[ram@gmail.com, Krishna@gmail.com, sita@gmail.com], comments=[Comment(username=hanuman@gmail.com, comment=ccoment from haniuman
)])
2022-04-08 18:09:38.356  INFO 23264 --- [http-nio-8082-exec-3] com.tweetapp.services.TweetService       : All tweets --> Tweet(tweetId=41dfe4a3-24cd-4110-8444-e7f3f90057df, username=Krishna@gmail.com, tweetText=Jai Shri Radhe, firstName=Hare, lastName=Krishna, tweetDate=07-04-2022, likes=[Krishna@gmail.com, hanuman@gmail.com], comments=[Comment(username=Krishna@gmail.com, comment=comment)])
2022-04-08 18:09:38.356  INFO 23264 --- [http-nio-8082-exec-3] com.tweetapp.services.TweetService       : All tweets --> Tweet(tweetId=67763af1-eef4-4b71-aeaf-1a41a66f7ba9, username=keshav@gmail.com, tweetText=Bansi sab sur baaje hai, ek hi dhun me baaje hai..
haal na pucho mohan ka, sab kuch radhe radhe hai, firstName=keshav, lastName=yadav, tweetDate=07-04-2022, likes=[keshav@gmail.com], comments=[])
2022-04-08 18:09:38.356  INFO 23264 --- [http-nio-8082-exec-3] com.tweetapp.services.TweetService       : All tweets --> Tweet(tweetId=f786a7a0-6de0-4b99-8486-fa7ec15e67a6, username=ram@gmail.com, tweetText=new tweet to test kafka consumer, firstName=ram, lastName=ji, tweetDate=08-04-2022, likes=[], comments=[Comment(username=ram@gmail.com, comment=new comment to test kafka consumer)])
2022-04-08 18:09:38.356  INFO 23264 --- [http-nio-8082-exec-3] com.tweetapp.services.TweetService       : All tweets --> Tweet(tweetId=b77596d6-5496-4b95-80fe-5570178f908c, username=ram@gmail.com, tweetText=new tweet from sita to test kafka consumer, firstName=ram, lastName=ji, tweetDate=08-04-2022, likes=[], comments=[])
2022-04-08 18:09:38.357  INFO 23264 --- [http-nio-8082-exec-3] com.tweetapp.services.TweetService       : All tweets --> Tweet(tweetId=ef0ea39d-03f9-4e72-b5ae-fce2cde35331, username=hanuman@gmail.com, tweetText=new tweet
, firstName=hanuman, lastName=ji, tweetDate=08-04-2022, likes=[], comments=[])
2022-04-08 18:09:38.357  INFO 23264 --- [http-nio-8082-exec-3] com.tweetapp.services.TweetService       : All tweets --> Tweet(tweetId=0d0aac6e-0f49-45a9-bbb1-2a2f243f09f7, username=hanuman@gmail.com, tweetText=new tweet, firstName=hanuman, lastName=ji, tweetDate=08-04-2022, likes=[], comments=[])
2022-04-08 18:09:38.357  INFO 23264 --- [http-nio-8082-exec-3] com.tweetapp.services.TweetService       : All tweets --> Tweet(tweetId=edd0b3dd-bc3b-401d-8019-e8bcbabe2f8f, username=hanuman@gmail.com, tweetText=again a tweet, firstName=hanuman, lastName=ji, tweetDate=08-04-2022, likes=[], comments=[])
2022-04-08 18:10:07.558  INFO 23264 --- [RMI TCP Connection(47)-127.0.0.1] inMXBeanRegistrar$SpringApplicationAdmin : Application shutdown requested.
2022-04-08 18:10:07.852  INFO 23264 --- [RMI TCP Connection(47)-127.0.0.1] o.s.s.concurrent.ThreadPoolTaskExecutor  : Shutting down ExecutorService 'applicationTaskExecutor'
2022-04-08 18:10:07.856  INFO 23264 --- [RMI TCP Connection(47)-127.0.0.1] o.a.k.clients.producer.KafkaProducer     : [Producer clientId=producer-1] Closing the Kafka producer with timeoutMillis = 30000 ms.
2022-04-08 18:10:07.871  INFO 23264 --- [RMI TCP Connection(47)-127.0.0.1] org.mongodb.driver.connection            : Closed connection [connectionId{localValue:4, serverValue:50}] to localhost:27017 because the pool has been closed.
2022-04-08 18:10:07.872  INFO 23264 --- [RMI TCP Connection(47)-127.0.0.1] org.mongodb.driver.connection            : Closed connection [connectionId{localValue:3, serverValue:49}] to localhost:27017 because the pool has been closed.
